<?xml version="1.0" encoding="UTF-8"?>
<testsuite name="com.amb.ApplicationTests" time="0.012" tests="1" errors="1" skipped="0" failures="0">
  <properties>
[...]
</properties>
  <testcase name="resourceProtected" classname="com.amb.ApplicationTests" time="0.012">
    <error message="Failed to load ApplicationContext" type="java.lang.IllegalStateException">java.lang.IllegalStateException: Failed to load ApplicationContext
	at org.springframework.test.context.cache.DefaultCacheAwareContextLoaderDelegate.loadContext(DefaultCacheAwareContextLoaderDelegate.java:124)
	at org.springframework.test.context.support.DefaultTestContext.getApplicationContext(DefaultTestContext.java:83)
	at org.springframework.boot.test.autoconfigure.SpringBootDependencyInjectionTestExecutionListener.prepareTestInstance(SpringBootDependencyInjectionTestExecutionListener.java:47)
	at org.springframework.test.context.TestContextManager.prepareTestInstance(TestContextManager.java:230)
	at org.springframework.test.context.junit4.SpringJUnit4ClassRunner.createTest(SpringJUnit4ClassRunner.java:228)
	at org.springframework.test.context.junit4.SpringJUnit4ClassRunner$1.runReflectiveCall(SpringJUnit4ClassRunner.java:287)
	at org.junit.internal.runners.model.ReflectiveCallable.run(ReflectiveCallable.java:12)
	at org.springframework.test.context.junit4.SpringJUnit4ClassRunner.methodBlock(SpringJUnit4ClassRunner.java:289)
	at org.springframework.test.context.junit4.SpringJUnit4ClassRunner.runChild(SpringJUnit4ClassRunner.java:247)
	at org.springframework.test.context.junit4.SpringJUnit4ClassRunner.runChild(SpringJUnit4ClassRunner.java:94)
	at org.junit.runners.ParentRunner$3.run(ParentRunner.java:290)
	at org.junit.runners.ParentRunner$1.schedule(ParentRunner.java:71)
	at org.junit.runners.ParentRunner.runChildren(ParentRunner.java:288)
	at org.junit.runners.ParentRunner.access$000(ParentRunner.java:58)
	at org.junit.runners.ParentRunner$2.evaluate(ParentRunner.java:268)
	at org.springframework.test.context.junit4.statements.RunBeforeTestClassCallbacks.evaluate(RunBeforeTestClassCallbacks.java:61)
	at org.springframework.test.context.junit4.statements.RunAfterTestClassCallbacks.evaluate(RunAfterTestClassCallbacks.java:70)
	at org.junit.runners.ParentRunner.run(ParentRunner.java:363)
	at org.springframework.test.context.junit4.SpringJUnit4ClassRunner.run(SpringJUnit4ClassRunner.java:191)
	at org.apache.maven.surefire.junit4.JUnit4Provider.execute(JUnit4Provider.java:283)
	at org.apache.maven.surefire.junit4.JUnit4Provider.executeWithRerun(JUnit4Provider.java:173)
	at org.apache.maven.surefire.junit4.JUnit4Provider.executeTestSet(JUnit4Provider.java:153)
	at org.apache.maven.surefire.junit4.JUnit4Provider.invoke(JUnit4Provider.java:128)
	at org.apache.maven.surefire.booter.ForkedBooter.invokeProviderInSameClassLoader(ForkedBooter.java:203)
	at org.apache.maven.surefire.booter.ForkedBooter.runSuitesInProcess(ForkedBooter.java:155)
	at org.apache.maven.surefire.booter.ForkedBooter.main(ForkedBooter.java:103)
Caused by: org.springframework.beans.factory.BeanCreationException: Error creating bean with name 'enableRedisKeyspaceNotificationsInitializer' defined in class path resource [org/springframework/boot/autoconfigure/session/RedisSessionConfiguration$SpringBootRedisHttpSessionConfiguration.class]: Invocation of init method failed; nested exception is org.springframework.data.redis.RedisConnectionFailureException: Cannot get Jedis connection; nested exception is redis.clients.jedis.exceptions.JedisConnectionException: Could not get a resource from the pool
	at org.springframework.beans.factory.support.AbstractAutowireCapableBeanFactory.initializeBean(AbstractAutowireCapableBeanFactory.java:1583)
	at org.springframework.beans.factory.support.AbstractAutowireCapableBeanFactory.doCreateBean(AbstractAutowireCapableBeanFactory.java:553)
	at org.springframework.beans.factory.support.AbstractAutowireCapableBeanFactory.createBean(AbstractAutowireCapableBeanFactory.java:482)
	at org.springframework.beans.factory.support.AbstractBeanFactory$1.getObject(AbstractBeanFactory.java:306)
	at org.springframework.beans.factory.support.DefaultSingletonBeanRegistry.getSingleton(DefaultSingletonBeanRegistry.java:230)
	at org.springframework.beans.factory.support.AbstractBeanFactory.doGetBean(AbstractBeanFactory.java:302)
	at org.springframework.beans.factory.support.AbstractBeanFactory.getBean(AbstractBeanFactory.java:197)
	at org.springframework.beans.factory.support.DefaultListableBeanFactory.preInstantiateSingletons(DefaultListableBeanFactory.java:754)
	at org.springframework.context.support.AbstractApplicationContext.finishBeanFactoryInitialization(AbstractApplicationContext.java:866)
	at org.springframework.context.support.AbstractApplicationContext.refresh(AbstractApplicationContext.java:542)
	at org.springframework.boot.context.embedded.EmbeddedWebApplicationContext.refresh(EmbeddedWebApplicationContext.java:122)
	at org.springframework.boot.SpringApplication.refresh(SpringApplication.java:761)
	at org.springframework.boot.SpringApplication.refreshContext(SpringApplication.java:371)
	at org.springframework.boot.SpringApplication.run(SpringApplication.java:315)
	at org.springframework.boot.test.context.SpringBootContextLoader.loadContext(SpringBootContextLoader.java:111)
	at org.springframework.test.context.cache.DefaultCacheAwareContextLoaderDelegate.loadContextInternal(DefaultCacheAwareContextLoaderDelegate.java:98)
	at org.springframework.test.context.cache.DefaultCacheAwareContextLoaderDelegate.loadContext(DefaultCacheAwareContextLoaderDelegate.java:116)
	at org.springframework.test.context.support.DefaultTestContext.getApplicationContext(DefaultTestContext.java:83)
	at org.springframework.boot.test.autoconfigure.SpringBootDependencyInjectionTestExecutionListener.prepareTestInstance(SpringBootDependencyInjectionTestExecutionListener.java:47)
	at org.springframework.test.context.TestContextManager.prepareTestInstance(TestContextManager.java:230)
	at org.springframework.test.context.junit4.SpringJUnit4ClassRunner.createTest(SpringJUnit4ClassRunner.java:228)
	at org.springframework.test.context.junit4.SpringJUnit4ClassRunner$1.runReflectiveCall(SpringJUnit4ClassRunner.java:287)
	at org.junit.internal.runners.model.ReflectiveCallable.run(ReflectiveCallable.java:12)
	at org.springframework.test.context.junit4.SpringJUnit4ClassRunner.methodBlock(SpringJUnit4ClassRunner.java:289)
	at org.springframework.test.context.junit4.SpringJUnit4ClassRunner.runChild(SpringJUnit4ClassRunner.java:247)
	at org.springframework.test.context.junit4.SpringJUnit4ClassRunner.runChild(SpringJUnit4ClassRunner.java:94)
	at org.junit.runners.ParentRunner$3.run(ParentRunner.java:290)
	at org.junit.runners.ParentRunner$1.schedule(ParentRunner.java:71)
	at org.junit.runners.ParentRunner.runChildren(ParentRunner.java:288)
	at org.junit.runners.ParentRunner.access$000(ParentRunner.java:58)
	at org.junit.runners.ParentRunner$2.evaluate(ParentRunner.java:268)
	at org.springframework.test.context.junit4.statements.RunBeforeTestClassCallbacks.evaluate(RunBeforeTestClassCallbacks.java:61)
	at org.springframework.test.context.junit4.statements.RunAfterTestClassCallbacks.evaluate(RunAfterTestClassCallbacks.java:70)
	at org.junit.runners.ParentRunner.run(ParentRunner.java:363)
	at org.springframework.test.context.junit4.SpringJUnit4ClassRunner.run(SpringJUnit4ClassRunner.java:191)
	at org.apache.maven.surefire.junit4.JUnit4Provider.execute(JUnit4Provider.java:283)
	at org.apache.maven.surefire.junit4.JUnit4Provider.executeWithRerun(JUnit4Provider.java:173)
	at org.apache.maven.surefire.junit4.JUnit4Provider.executeTestSet(JUnit4Provider.java:153)
	at org.apache.maven.surefire.junit4.JUnit4Provider.invoke(JUnit4Provider.java:128)
	at org.apache.maven.surefire.booter.ForkedBooter.invokeProviderInSameClassLoader(ForkedBooter.java:203)
	at org.apache.maven.surefire.booter.ForkedBooter.runSuitesInProcess(ForkedBooter.java:155)
	at org.apache.maven.surefire.booter.ForkedBooter.main(ForkedBooter.java:103)
Caused by: org.springframework.data.redis.RedisConnectionFailureException: Cannot get Jedis connection; nested exception is redis.clients.jedis.exceptions.JedisConnectionException: Could not get a resource from the pool
	at org.springframework.data.redis.connection.jedis.JedisConnectionFactory.fetchJedisConnector(JedisConnectionFactory.java:198)
	at org.springframework.data.redis.connection.jedis.JedisConnectionFactory.getConnection(JedisConnectionFactory.java:345)
	at org.springframework.session.data.redis.config.annotation.web.http.RedisHttpSessionConfiguration$EnableRedisKeyspaceNotificationsInitializer.afterPropertiesSet(RedisHttpSessionConfiguration.java:223)
	at org.springframework.beans.factory.support.AbstractAutowireCapableBeanFactory.invokeInitMethods(AbstractAutowireCapableBeanFactory.java:1642)
	at org.springframework.beans.factory.support.AbstractAutowireCapableBeanFactory.initializeBean(AbstractAutowireCapableBeanFactory.java:1579)
	at org.springframework.beans.factory.support.AbstractAutowireCapableBeanFactory.doCreateBean(AbstractAutowireCapableBeanFactory.java:553)
	at org.springframework.beans.factory.support.AbstractAutowireCapableBeanFactory.createBean(AbstractAutowireCapableBeanFactory.java:482)
	at org.springframework.beans.factory.support.AbstractBeanFactory$1.getObject(AbstractBeanFactory.java:306)
	at org.springframework.beans.factory.support.DefaultSingletonBeanRegistry.getSingleton(DefaultSingletonBeanRegistry.java:230)
	at org.springframework.beans.factory.support.AbstractBeanFactory.doGetBean(AbstractBeanFactory.java:302)
	at org.springframework.beans.factory.support.AbstractBeanFactory.getBean(AbstractBeanFactory.java:197)
	at org.springframework.beans.factory.support.DefaultListableBeanFactory.preInstantiateSingletons(DefaultListableBeanFactory.java:754)
	at org.springframework.context.support.AbstractApplicationContext.finishBeanFactoryInitialization(AbstractApplicationContext.java:866)
	at org.springframework.context.support.AbstractApplicationContext.refresh(AbstractApplicationContext.java:542)
	at org.springframework.boot.context.embedded.EmbeddedWebApplicationContext.refresh(EmbeddedWebApplicationContext.java:122)
	at org.springframework.boot.SpringApplication.refresh(SpringApplication.java:761)
	at org.springframework.boot.SpringApplication.refreshContext(SpringApplication.java:371)
	at org.springframework.boot.SpringApplication.run(SpringApplication.java:315)
	at org.springframework.boot.test.context.SpringBootContextLoader.loadContext(SpringBootContextLoader.java:111)
	at org.springframework.test.context.cache.DefaultCacheAwareContextLoaderDelegate.loadContextInternal(DefaultCacheAwareContextLoaderDelegate.java:98)
	at org.springframework.test.context.cache.DefaultCacheAwareContextLoaderDelegate.loadContext(DefaultCacheAwareContextLoaderDelegate.java:116)
	at org.springframework.test.context.support.DefaultTestContext.getApplicationContext(DefaultTestContext.java:83)
	at org.springframework.boot.test.autoconfigure.SpringBootDependencyInjectionTestExecutionListener.prepareTestInstance(SpringBootDependencyInjectionTestExecutionListener.java:47)
	at org.springframework.test.context.TestContextManager.prepareTestInstance(TestContextManager.java:230)
	at org.springframework.test.context.junit4.SpringJUnit4ClassRunner.createTest(SpringJUnit4ClassRunner.java:228)
	at org.springframework.test.context.junit4.SpringJUnit4ClassRunner$1.runReflectiveCall(SpringJUnit4ClassRunner.java:287)
	at org.junit.internal.runners.model.ReflectiveCallable.run(ReflectiveCallable.java:12)
	at org.springframework.test.context.junit4.SpringJUnit4ClassRunner.methodBlock(SpringJUnit4ClassRunner.java:289)
	at org.springframework.test.context.junit4.SpringJUnit4ClassRunner.runChild(SpringJUnit4ClassRunner.java:247)
	at org.springframework.test.context.junit4.SpringJUnit4ClassRunner.runChild(SpringJUnit4ClassRunner.java:94)
	at org.junit.runners.ParentRunner$3.run(ParentRunner.java:290)
	at org.junit.runners.ParentRunner$1.schedule(ParentRunner.java:71)
	at org.junit.runners.ParentRunner.runChildren(ParentRunner.java:288)
	at org.junit.runners.ParentRunner.access$000(ParentRunner.java:58)
	at org.junit.runners.ParentRunner$2.evaluate(ParentRunner.java:268)
	at org.springframework.test.context.junit4.statements.RunBeforeTestClassCallbacks.evaluate(RunBeforeTestClassCallbacks.java:61)
	at org.springframework.test.context.junit4.statements.RunAfterTestClassCallbacks.evaluate(RunAfterTestClassCallbacks.java:70)
	at org.junit.runners.ParentRunner.run(ParentRunner.java:363)
	at org.springframework.test.context.junit4.SpringJUnit4ClassRunner.run(SpringJUnit4ClassRunner.java:191)
	at org.apache.maven.surefire.junit4.JUnit4Provider.execute(JUnit4Provider.java:283)
	at org.apache.maven.surefire.junit4.JUnit4Provider.executeWithRerun(JUnit4Provider.java:173)
	at org.apache.maven.surefire.junit4.JUnit4Provider.executeTestSet(JUnit4Provider.java:153)
	at org.apache.maven.surefire.junit4.JUnit4Provider.invoke(JUnit4Provider.java:128)
	at org.apache.maven.surefire.booter.ForkedBooter.invokeProviderInSameClassLoader(ForkedBooter.java:203)
	at org.apache.maven.surefire.booter.ForkedBooter.runSuitesInProcess(ForkedBooter.java:155)
	at org.apache.maven.surefire.booter.ForkedBooter.main(ForkedBooter.java:103)
Caused by: redis.clients.jedis.exceptions.JedisConnectionException: Could not get a resource from the pool
	at redis.clients.util.Pool.getResource(Pool.java:53)
	at redis.clients.jedis.JedisPool.getResource(JedisPool.java:99)
	at redis.clients.jedis.JedisPool.getResource(JedisPool.java:12)
	at org.springframework.data.redis.connection.jedis.JedisConnectionFactory.fetchJedisConnector(JedisConnectionFactory.java:191)
	at org.springframework.data.redis.connection.jedis.JedisConnectionFactory.getConnection(JedisConnectionFactory.java:345)
	at org.springframework.session.data.redis.config.annotation.web.http.RedisHttpSessionConfiguration$EnableRedisKeyspaceNotificationsInitializer.afterPropertiesSet(RedisHttpSessionConfiguration.java:223)
	at org.springframework.beans.factory.support.AbstractAutowireCapableBeanFactory.invokeInitMethods(AbstractAutowireCapableBeanFactory.java:1642)
	at org.springframework.beans.factory.support.AbstractAutowireCapableBeanFactory.initializeBean(AbstractAutowireCapableBeanFactory.java:1579)
	at org.springframework.beans.factory.support.AbstractAutowireCapableBeanFactory.doCreateBean(AbstractAutowireCapableBeanFactory.java:553)
	at org.springframework.beans.factory.support.AbstractAutowireCapableBeanFactory.createBean(AbstractAutowireCapableBeanFactory.java:482)
	at org.springframework.beans.factory.support.AbstractBeanFactory$1.getObject(AbstractBeanFactory.java:306)
	at org.springframework.beans.factory.support.DefaultSingletonBeanRegistry.getSingleton(DefaultSingletonBeanRegistry.java:230)
	at org.springframework.beans.factory.support.AbstractBeanFactory.doGetBean(AbstractBeanFactory.java:302)
	at org.springframework.beans.factory.support.AbstractBeanFactory.getBean(AbstractBeanFactory.java:197)
	at org.springframework.beans.factory.support.DefaultListableBeanFactory.preInstantiateSingletons(DefaultListableBeanFactory.java:754)
	at org.springframework.context.support.AbstractApplicationContext.finishBeanFactoryInitialization(AbstractApplicationContext.java:866)
	at org.springframework.context.support.AbstractApplicationContext.refresh(AbstractApplicationContext.java:542)
	at org.springframework.boot.context.embedded.EmbeddedWebApplicationContext.refresh(EmbeddedWebApplicationContext.java:122)
	at org.springframework.boot.SpringApplication.refresh(SpringApplication.java:761)
	at org.springframework.boot.SpringApplication.refreshContext(SpringApplication.java:371)
	at org.springframework.boot.SpringApplication.run(SpringApplication.java:315)
	at org.springframework.boot.test.context.SpringBootContextLoader.loadContext(SpringBootContextLoader.java:111)
	at org.springframework.test.context.cache.DefaultCacheAwareContextLoaderDelegate.loadContextInternal(DefaultCacheAwareContextLoaderDelegate.java:98)
	at org.springframework.test.context.cache.DefaultCacheAwareContextLoaderDelegate.loadContext(DefaultCacheAwareContextLoaderDelegate.java:116)
	at org.springframework.test.context.support.DefaultTestContext.getApplicationContext(DefaultTestContext.java:83)
	at org.springframework.boot.test.autoconfigure.SpringBootDependencyInjectionTestExecutionListener.prepareTestInstance(SpringBootDependencyInjectionTestExecutionListener.java:47)
	at org.springframework.test.context.TestContextManager.prepareTestInstance(TestContextManager.java:230)
	at org.springframework.test.context.junit4.SpringJUnit4ClassRunner.createTest(SpringJUnit4ClassRunner.java:228)
	at org.springframework.test.context.junit4.SpringJUnit4ClassRunner$1.runReflectiveCall(SpringJUnit4ClassRunner.java:287)
	at org.junit.internal.runners.model.ReflectiveCallable.run(ReflectiveCallable.java:12)
	at org.springframework.test.context.junit4.SpringJUnit4ClassRunner.methodBlock(SpringJUnit4ClassRunner.java:289)
	at org.springframework.test.context.junit4.SpringJUnit4ClassRunner.runChild(SpringJUnit4ClassRunner.java:247)
	at org.springframework.test.context.junit4.SpringJUnit4ClassRunner.runChild(SpringJUnit4ClassRunner.java:94)
	at org.junit.runners.ParentRunner$3.run(ParentRunner.java:290)
	at org.junit.runners.ParentRunner$1.schedule(ParentRunner.java:71)
	at org.junit.runners.ParentRunner.runChildren(ParentRunner.java:288)
	at org.junit.runners.ParentRunner.access$000(ParentRunner.java:58)
	at org.junit.runners.ParentRunner$2.evaluate(ParentRunner.java:268)
	at org.springframework.test.context.junit4.statements.RunBeforeTestClassCallbacks.evaluate(RunBeforeTestClassCallbacks.java:61)
	at org.springframework.test.context.junit4.statements.RunAfterTestClassCallbacks.evaluate(RunAfterTestClassCallbacks.java:70)
	at org.junit.runners.ParentRunner.run(ParentRunner.java:363)
	at org.springframework.test.context.junit4.SpringJUnit4ClassRunner.run(SpringJUnit4ClassRunner.java:191)
	at org.apache.maven.surefire.junit4.JUnit4Provider.execute(JUnit4Provider.java:283)
	at org.apache.maven.surefire.junit4.JUnit4Provider.executeWithRerun(JUnit4Provider.java:173)
	at org.apache.maven.surefire.junit4.JUnit4Provider.executeTestSet(JUnit4Provider.java:153)
	at org.apache.maven.surefire.junit4.JUnit4Provider.invoke(JUnit4Provider.java:128)
	at org.apache.maven.surefire.booter.ForkedBooter.invokeProviderInSameClassLoader(ForkedBooter.java:203)
	at org.apache.maven.surefire.booter.ForkedBooter.runSuitesInProcess(ForkedBooter.java:155)
	at org.apache.maven.surefire.booter.ForkedBooter.main(ForkedBooter.java:103)
Caused by: redis.clients.jedis.exceptions.JedisConnectionException: java.net.ConnectException: Connection refused (Connection refused)
	at redis.clients.jedis.Connection.connect(Connection.java:164)
	at redis.clients.jedis.BinaryClient.connect(BinaryClient.java:80)
	at redis.clients.jedis.BinaryJedis.connect(BinaryJedis.java:1677)
	at redis.clients.jedis.JedisFactory.makeObject(JedisFactory.java:87)
	at org.apache.commons.pool2.impl.GenericObjectPool.create(GenericObjectPool.java:868)
	at org.apache.commons.pool2.impl.GenericObjectPool.borrowObject(GenericObjectPool.java:435)
	at org.apache.commons.pool2.impl.GenericObjectPool.borrowObject(GenericObjectPool.java:363)
	at redis.clients.util.Pool.getResource(Pool.java:49)
	at redis.clients.jedis.JedisPool.getResource(JedisPool.java:99)
	at redis.clients.jedis.JedisPool.getResource(JedisPool.java:12)
	at org.springframework.data.redis.connection.jedis.JedisConnectionFactory.fetchJedisConnector(JedisConnectionFactory.java:191)
	at org.springframework.data.redis.connection.jedis.JedisConnectionFactory.getConnection(JedisConnectionFactory.java:345)
	at org.springframework.session.data.redis.config.annotation.web.http.RedisHttpSessionConfiguration$EnableRedisKeyspaceNotificationsInitializer.afterPropertiesSet(RedisHttpSessionConfiguration.java:223)
	at org.springframework.beans.factory.support.AbstractAutowireCapableBeanFactory.invokeInitMethods(AbstractAutowireCapableBeanFactory.java:1642)
	at org.springframework.beans.factory.support.AbstractAutowireCapableBeanFactory.initializeBean(AbstractAutowireCapableBeanFactory.java:1579)
	at org.springframework.beans.factory.support.AbstractAutowireCapableBeanFactory.doCreateBean(AbstractAutowireCapableBeanFactory.java:553)
	at org.springframework.beans.factory.support.AbstractAutowireCapableBeanFactory.createBean(AbstractAutowireCapableBeanFactory.java:482)
	at org.springframework.beans.factory.support.AbstractBeanFactory$1.getObject(AbstractBeanFactory.java:306)
	at org.springframework.beans.factory.support.DefaultSingletonBeanRegistry.getSingleton(DefaultSingletonBeanRegistry.java:230)
	at org.springframework.beans.factory.support.AbstractBeanFactory.doGetBean(AbstractBeanFactory.java:302)
	at org.springframework.beans.factory.support.AbstractBeanFactory.getBean(AbstractBeanFactory.java:197)
	at org.springframework.beans.factory.support.DefaultListableBeanFactory.preInstantiateSingletons(DefaultListableBeanFactory.java:754)
	at org.springframework.context.support.AbstractApplicationContext.finishBeanFactoryInitialization(AbstractApplicationContext.java:866)
	at org.springframework.context.support.AbstractApplicationContext.refresh(AbstractApplicationContext.java:542)
	at org.springframework.boot.context.embedded.EmbeddedWebApplicationContext.refresh(EmbeddedWebApplicationContext.java:122)
	at org.springframework.boot.SpringApplication.refresh(SpringApplication.java:761)
	at org.springframework.boot.SpringApplication.refreshContext(SpringApplication.java:371)
	at org.springframework.boot.SpringApplication.run(SpringApplication.java:315)
	at org.springframework.boot.test.context.SpringBootContextLoader.loadContext(SpringBootContextLoader.java:111)
	at org.springframework.test.context.cache.DefaultCacheAwareContextLoaderDelegate.loadContextInternal(DefaultCacheAwareContextLoaderDelegate.java:98)
	at org.springframework.test.context.cache.DefaultCacheAwareContextLoaderDelegate.loadContext(DefaultCacheAwareContextLoaderDelegate.java:116)
	at org.springframework.test.context.support.DefaultTestContext.getApplicationContext(DefaultTestContext.java:83)
	at org.springframework.boot.test.autoconfigure.SpringBootDependencyInjectionTestExecutionListener.prepareTestInstance(SpringBootDependencyInjectionTestExecutionListener.java:47)
	at org.springframework.test.context.TestContextManager.prepareTestInstance(TestContextManager.java:230)
	at org.springframework.test.context.junit4.SpringJUnit4ClassRunner.createTest(SpringJUnit4ClassRunner.java:228)
	at org.springframework.test.context.junit4.SpringJUnit4ClassRunner$1.runReflectiveCall(SpringJUnit4ClassRunner.java:287)
	at org.junit.internal.runners.model.ReflectiveCallable.run(ReflectiveCallable.java:12)
	at org.springframework.test.context.junit4.SpringJUnit4ClassRunner.methodBlock(SpringJUnit4ClassRunner.java:289)
	at org.springframework.test.context.junit4.SpringJUnit4ClassRunner.runChild(SpringJUnit4ClassRunner.java:247)
	at org.springframework.test.context.junit4.SpringJUnit4ClassRunner.runChild(SpringJUnit4ClassRunner.java:94)
	at org.junit.runners.ParentRunner$3.run(ParentRunner.java:290)
	at org.junit.runners.ParentRunner$1.schedule(ParentRunner.java:71)
	at org.junit.runners.ParentRunner.runChildren(ParentRunner.java:288)
	at org.junit.runners.ParentRunner.access$000(ParentRunner.java:58)
	at org.junit.runners.ParentRunner$2.evaluate(ParentRunner.java:268)
	at org.springframework.test.context.junit4.statements.RunBeforeTestClassCallbacks.evaluate(RunBeforeTestClassCallbacks.java:61)
	at org.springframework.test.context.junit4.statements.RunAfterTestClassCallbacks.evaluate(RunAfterTestClassCallbacks.java:70)
	at org.junit.runners.ParentRunner.run(ParentRunner.java:363)
	at org.springframework.test.context.junit4.SpringJUnit4ClassRunner.run(SpringJUnit4ClassRunner.java:191)
	at org.apache.maven.surefire.junit4.JUnit4Provider.execute(JUnit4Provider.java:283)
	at org.apache.maven.surefire.junit4.JUnit4Provider.executeWithRerun(JUnit4Provider.java:173)
	at org.apache.maven.surefire.junit4.JUnit4Provider.executeTestSet(JUnit4Provider.java:153)
	at org.apache.maven.surefire.junit4.JUnit4Provider.invoke(JUnit4Provider.java:128)
	at org.apache.maven.surefire.booter.ForkedBooter.invokeProviderInSameClassLoader(ForkedBooter.java:203)
	at org.apache.maven.surefire.booter.ForkedBooter.runSuitesInProcess(ForkedBooter.java:155)
	at org.apache.maven.surefire.booter.ForkedBooter.main(ForkedBooter.java:103)
Caused by: java.net.ConnectException: Connection refused (Connection refused)
	at java.net.PlainSocketImpl.socketConnect(Native Method)
	at java.net.AbstractPlainSocketImpl.doConnect(AbstractPlainSocketImpl.java:350)
	at java.net.AbstractPlainSocketImpl.connectToAddress(AbstractPlainSocketImpl.java:206)
	at java.net.AbstractPlainSocketImpl.connect(AbstractPlainSocketImpl.java:188)
	at java.net.SocksSocketImpl.connect(SocksSocketImpl.java:392)
	at java.net.Socket.connect(Socket.java:589)
	at redis.clients.jedis.Connection.connect(Connection.java:158)
	at redis.clients.jedis.BinaryClient.connect(BinaryClient.java:80)
	at redis.clients.jedis.BinaryJedis.connect(BinaryJedis.java:1677)
	at redis.clients.jedis.JedisFactory.makeObject(JedisFactory.java:87)
	at org.apache.commons.pool2.impl.GenericObjectPool.create(GenericObjectPool.java:868)
	at org.apache.commons.pool2.impl.GenericObjectPool.borrowObject(GenericObjectPool.java:435)
	at org.apache.commons.pool2.impl.GenericObjectPool.borrowObject(GenericObjectPool.java:363)
	at redis.clients.util.Pool.getResource(Pool.java:49)
	at redis.clients.jedis.JedisPool.getResource(JedisPool.java:99)
	at redis.clients.jedis.JedisPool.getResource(JedisPool.java:12)
	at org.springframework.data.redis.connection.jedis.JedisConnectionFactory.fetchJedisConnector(JedisConnectionFactory.java:191)
	at org.springframework.data.redis.connection.jedis.JedisConnectionFactory.getConnection(JedisConnectionFactory.java:345)
	at org.springframework.session.data.redis.config.annotation.web.http.RedisHttpSessionConfiguration$EnableRedisKeyspaceNotificationsInitializer.afterPropertiesSet(RedisHttpSessionConfiguration.java:223)
	at org.springframework.beans.factory.support.AbstractAutowireCapableBeanFactory.invokeInitMethods(AbstractAutowireCapableBeanFactory.java:1642)
	at org.springframework.beans.factory.support.AbstractAutowireCapableBeanFactory.initializeBean(AbstractAutowireCapableBeanFactory.java:1579)
	at org.springframework.beans.factory.support.AbstractAutowireCapableBeanFactory.doCreateBean(AbstractAutowireCapableBeanFactory.java:553)
	at org.springframework.beans.factory.support.AbstractAutowireCapableBeanFactory.createBean(AbstractAutowireCapableBeanFactory.java:482)
	at org.springframework.beans.factory.support.AbstractBeanFactory$1.getObject(AbstractBeanFactory.java:306)
	at org.springframework.beans.factory.support.DefaultSingletonBeanRegistry.getSingleton(DefaultSingletonBeanRegistry.java:230)
	at org.springframework.beans.factory.support.AbstractBeanFactory.doGetBean(AbstractBeanFactory.java:302)
	at org.springframework.beans.factory.support.AbstractBeanFactory.getBean(AbstractBeanFactory.java:197)
	at org.springframework.beans.factory.support.DefaultListableBeanFactory.preInstantiateSingletons(DefaultListableBeanFactory.java:754)
	at org.springframework.context.support.AbstractApplicationContext.finishBeanFactoryInitialization(AbstractApplicationContext.java:866)
	at org.springframework.context.support.AbstractApplicationContext.refresh(AbstractApplicationContext.java:542)
	at org.springframework.boot.context.embedded.EmbeddedWebApplicationContext.refresh(EmbeddedWebApplicationContext.java:122)
	at org.springframework.boot.SpringApplication.refresh(SpringApplication.java:761)
	at org.springframework.boot.SpringApplication.refreshContext(SpringApplication.java:371)
	at org.springframework.boot.SpringApplication.run(SpringApplication.java:315)
	at org.springframework.boot.test.context.SpringBootContextLoader.loadContext(SpringBootContextLoader.java:111)
	at org.springframework.test.context.cache.DefaultCacheAwareContextLoaderDelegate.loadContextInternal(DefaultCacheAwareContextLoaderDelegate.java:98)
	at org.springframework.test.context.cache.DefaultCacheAwareContextLoaderDelegate.loadContext(DefaultCacheAwareContextLoaderDelegate.java:116)
	at org.springframework.test.context.support.DefaultTestContext.getApplicationContext(DefaultTestContext.java:83)
	at org.springframework.boot.test.autoconfigure.SpringBootDependencyInjectionTestExecutionListener.prepareTestInstance(SpringBootDependencyInjectionTestExecutionListener.java:47)
	at org.springframework.test.context.TestContextManager.prepareTestInstance(TestContextManager.java:230)
	at org.springframework.test.context.junit4.SpringJUnit4ClassRunner.createTest(SpringJUnit4ClassRunner.java:228)
	at org.springframework.test.context.junit4.SpringJUnit4ClassRunner$1.runReflectiveCall(SpringJUnit4ClassRunner.java:287)
	at org.junit.internal.runners.model.ReflectiveCallable.run(ReflectiveCallable.java:12)
	at org.springframework.test.context.junit4.SpringJUnit4ClassRunner.methodBlock(SpringJUnit4ClassRunner.java:289)
	at org.springframework.test.context.junit4.SpringJUnit4ClassRunner.runChild(SpringJUnit4ClassRunner.java:247)
	at org.springframework.test.context.junit4.SpringJUnit4ClassRunner.runChild(SpringJUnit4ClassRunner.java:94)
	at org.junit.runners.ParentRunner$3.run(ParentRunner.java:290)
	at org.junit.runners.ParentRunner$1.schedule(ParentRunner.java:71)
	at org.junit.runners.ParentRunner.runChildren(ParentRunner.java:288)
	at org.junit.runners.ParentRunner.access$000(ParentRunner.java:58)
	at org.junit.runners.ParentRunner$2.evaluate(ParentRunner.java:268)
	at org.springframework.test.context.junit4.statements.RunBeforeTestClassCallbacks.evaluate(RunBeforeTestClassCallbacks.java:61)
	at org.springframework.test.context.junit4.statements.RunAfterTestClassCallbacks.evaluate(RunAfterTestClassCallbacks.java:70)
	at org.junit.runners.ParentRunner.run(ParentRunner.java:363)
	at org.springframework.test.context.junit4.SpringJUnit4ClassRunner.run(SpringJUnit4ClassRunner.java:191)
	at org.apache.maven.surefire.junit4.JUnit4Provider.execute(JUnit4Provider.java:283)
	at org.apache.maven.surefire.junit4.JUnit4Provider.executeWithRerun(JUnit4Provider.java:173)
	at org.apache.maven.surefire.junit4.JUnit4Provider.executeTestSet(JUnit4Provider.java:153)
	at org.apache.maven.surefire.junit4.JUnit4Provider.invoke(JUnit4Provider.java:128)
	at org.apache.maven.surefire.booter.ForkedBooter.invokeProviderInSameClassLoader(ForkedBooter.java:203)
	at org.apache.maven.surefire.booter.ForkedBooter.runSuitesInProcess(ForkedBooter.java:155)
	at org.apache.maven.surefire.booter.ForkedBooter.main(ForkedBooter.java:103)
</error>
    <system-out><![CDATA[22:32:14.994 [main] DEBUG org.springframework.test.context.junit4.SpringJUnit4ClassRunner - SpringJUnit4ClassRunner constructor called with [class com.amb.ApplicationTests]
22:32:15.001 [main] DEBUG org.springframework.test.context.BootstrapUtils - Instantiating CacheAwareContextLoaderDelegate from class [org.springframework.test.context.cache.DefaultCacheAwareContextLoaderDelegate]
22:32:15.009 [main] DEBUG org.springframework.test.context.BootstrapUtils - Instantiating BootstrapContext using constructor [public org.springframework.test.context.support.DefaultBootstrapContext(java.lang.Class,org.springframework.test.context.CacheAwareContextLoaderDelegate)]
22:32:15.029 [main] DEBUG org.springframework.test.context.BootstrapUtils - Instantiating TestContextBootstrapper for test class [com.amb.ApplicationTests] from class [org.springframework.boot.test.context.SpringBootTestContextBootstrapper]
22:32:15.047 [main] INFO org.springframework.boot.test.context.SpringBootTestContextBootstrapper - Neither @ContextConfiguration nor @ContextHierarchy found for test class [com.amb.ApplicationTests], using SpringBootContextLoader
22:32:15.055 [main] DEBUG org.springframework.test.context.support.AbstractContextLoader - Did not detect default resource location for test class [com.amb.ApplicationTests]: class path resource [com/amb/ApplicationTests-context.xml] does not exist
22:32:15.055 [main] DEBUG org.springframework.test.context.support.AbstractContextLoader - Did not detect default resource location for test class [com.amb.ApplicationTests]: class path resource [com/amb/ApplicationTestsContext.groovy] does not exist
22:32:15.055 [main] INFO org.springframework.test.context.support.AbstractContextLoader - Could not detect default resource locations for test class [com.amb.ApplicationTests]: no resource found for suffixes {-context.xml, Context.groovy}.
22:32:15.056 [main] INFO org.springframework.test.context.support.AnnotationConfigContextLoaderUtils - Could not detect default configuration classes for test class [com.amb.ApplicationTests]: ApplicationTests does not declare any static, non-private, non-final, nested classes annotated with @Configuration.
22:32:15.117 [main] DEBUG org.springframework.test.context.support.ActiveProfilesUtils - Could not find an 'annotation declaring class' for annotation type [org.springframework.test.context.ActiveProfiles] and class [com.amb.ApplicationTests]
22:32:15.175 [main] DEBUG org.springframework.core.env.StandardEnvironment - Adding [systemProperties] PropertySource with lowest search precedence
22:32:15.176 [main] DEBUG org.springframework.core.env.StandardEnvironment - Adding [systemEnvironment] PropertySource with lowest search precedence
22:32:15.176 [main] DEBUG org.springframework.core.env.StandardEnvironment - Initialized StandardEnvironment with PropertySources [systemProperties,systemEnvironment]
22:32:15.189 [main] DEBUG org.springframework.core.io.support.PathMatchingResourcePatternResolver - Resolved classpath location [com/amb/] to resources [URL [file:/Users/phonaylin/Documents/Development/tut-spring-security-and-angular-js/double/resource/target/test-classes/com/amb/], URL [file:/Users/phonaylin/Documents/Development/tut-spring-security-and-angular-js/double/resource/target/classes/com/amb/]]
22:32:15.189 [main] DEBUG org.springframework.core.io.support.PathMatchingResourcePatternResolver - Looking for matching resources in directory tree [/Users/phonaylin/Documents/Development/tut-spring-security-and-angular-js/double/resource/target/test-classes/com/amb]
22:32:15.189 [main] DEBUG org.springframework.core.io.support.PathMatchingResourcePatternResolver - Searching directory [/Users/phonaylin/Documents/Development/tut-spring-security-and-angular-js/double/resource/target/test-classes/com/amb] for files matching pattern [/Users/phonaylin/Documents/Development/tut-spring-security-and-angular-js/double/resource/target/test-classes/com/amb/*.class]
22:32:15.192 [main] DEBUG org.springframework.core.io.support.PathMatchingResourcePatternResolver - Looking for matching resources in directory tree [/Users/phonaylin/Documents/Development/tut-spring-security-and-angular-js/double/resource/target/classes/com/amb]
22:32:15.192 [main] DEBUG org.springframework.core.io.support.PathMatchingResourcePatternResolver - Searching directory [/Users/phonaylin/Documents/Development/tut-spring-security-and-angular-js/double/resource/target/classes/com/amb] for files matching pattern [/Users/phonaylin/Documents/Development/tut-spring-security-and-angular-js/double/resource/target/classes/com/amb/*.class]
22:32:15.195 [main] DEBUG org.springframework.core.io.support.PathMatchingResourcePatternResolver - Resolved location pattern [classpath*:com/amb/*.class] to resources [file [/Users/phonaylin/Documents/Development/tut-spring-security-and-angular-js/double/resource/target/test-classes/com/amb/ApplicationTests.class], file [/Users/phonaylin/Documents/Development/tut-spring-security-and-angular-js/double/resource/target/test-classes/com/amb/ResourceTests.class], file [/Users/phonaylin/Documents/Development/tut-spring-security-and-angular-js/double/resource/target/classes/com/amb/Change.class], file [/Users/phonaylin/Documents/Development/tut-spring-security-and-angular-js/double/resource/target/classes/com/amb/JacksonCustomizations$AmbModule$OrderMixin.class], file [/Users/phonaylin/Documents/Development/tut-spring-security-and-angular-js/double/resource/target/classes/com/amb/JacksonCustomizations$AmbModule.class], file [/Users/phonaylin/Documents/Development/tut-spring-security-and-angular-js/double/resource/target/classes/com/amb/JacksonCustomizations$MoneyModule$MonetaryAmountSerializer.class], file [/Users/phonaylin/Documents/Development/tut-spring-security-and-angular-js/double/resource/target/classes/com/amb/JacksonCustomizations$MoneyModule$MoneyInstantiator.class], file [/Users/phonaylin/Documents/Development/tut-spring-security-and-angular-js/double/resource/target/classes/com/amb/JacksonCustomizations$MoneyModule.class], file [/Users/phonaylin/Documents/Development/tut-spring-security-and-angular-js/double/resource/target/classes/com/amb/JacksonCustomizations.class], file [/Users/phonaylin/Documents/Development/tut-spring-security-and-angular-js/double/resource/target/classes/com/amb/LocalDateTimeAttributeConverter.class], file [/Users/phonaylin/Documents/Development/tut-spring-security-and-angular-js/double/resource/target/classes/com/amb/LocalTimeAttributeConverter.class], file [/Users/phonaylin/Documents/Development/tut-spring-security-and-angular-js/double/resource/target/classes/com/amb/Message.class], file [/Users/phonaylin/Documents/Development/tut-spring-security-and-angular-js/double/resource/target/classes/com/amb/MonetaryAmountAttributeConverter.class], file [/Users/phonaylin/Documents/Development/tut-spring-security-and-angular-js/double/resource/target/classes/com/amb/Person.class], file [/Users/phonaylin/Documents/Development/tut-spring-security-and-angular-js/double/resource/target/classes/com/amb/PersonRepository.class], file [/Users/phonaylin/Documents/Development/tut-spring-security-and-angular-js/double/resource/target/classes/com/amb/ResourceApplication.class], file [/Users/phonaylin/Documents/Development/tut-spring-security-and-angular-js/double/resource/target/classes/com/amb/Utility.class]]
22:32:15.264 [main] DEBUG org.springframework.context.annotation.ClassPathScanningCandidateComponentProvider - Identified candidate component class: file [/Users/phonaylin/Documents/Development/tut-spring-security-and-angular-js/double/resource/target/classes/com/amb/ResourceApplication.class]
22:32:15.267 [main] INFO org.springframework.boot.test.context.SpringBootTestContextBootstrapper - Found @SpringBootConfiguration com.amb.ResourceApplication for test class com.amb.ApplicationTests
22:32:15.269 [main] DEBUG org.springframework.boot.test.context.SpringBootTestContextBootstrapper - @TestExecutionListeners is not present for class [com.amb.ApplicationTests]: using defaults.
22:32:15.272 [main] INFO org.springframework.boot.test.context.SpringBootTestContextBootstrapper - Loaded default TestExecutionListener class names from location [META-INF/spring.factories]: [org.springframework.boot.test.mock.mockito.MockitoTestExecutionListener, org.springframework.boot.test.mock.mockito.ResetMocksTestExecutionListener, org.springframework.boot.test.autoconfigure.restdocs.RestDocsTestExecutionListener, org.springframework.boot.test.autoconfigure.web.client.MockRestServiceServerResetTestExecutionListener, org.springframework.boot.test.autoconfigure.web.servlet.MockMvcPrintOnlyOnFailureTestExecutionListener, org.springframework.boot.test.autoconfigure.web.servlet.WebDriverTestExecutionListener, org.springframework.test.context.web.ServletTestExecutionListener, org.springframework.test.context.support.DirtiesContextBeforeModesTestExecutionListener, org.springframework.test.context.support.DependencyInjectionTestExecutionListener, org.springframework.test.context.support.DirtiesContextTestExecutionListener, org.springframework.test.context.transaction.TransactionalTestExecutionListener, org.springframework.test.context.jdbc.SqlScriptsTestExecutionListener]
22:32:15.293 [main] INFO org.springframework.boot.test.context.SpringBootTestContextBootstrapper - Using TestExecutionListeners: [org.springframework.test.context.web.ServletTestExecutionListener@33afa13b, org.springframework.test.context.support.DirtiesContextBeforeModesTestExecutionListener@7a4ccb53, org.springframework.boot.test.autoconfigure.SpringBootDependencyInjectionTestExecutionListener@309e345f, org.springframework.test.context.support.DirtiesContextTestExecutionListener@56a6d5a6, org.springframework.test.context.transaction.TransactionalTestExecutionListener@18ce0030, org.springframework.test.context.jdbc.SqlScriptsTestExecutionListener@4445629, org.springframework.boot.test.autoconfigure.web.servlet.WebDriverTestExecutionListener@45b9a632, org.springframework.boot.test.autoconfigure.restdocs.RestDocsTestExecutionListener@25d250c6, org.springframework.boot.test.autoconfigure.web.servlet.MockMvcPrintOnlyOnFailureTestExecutionListener@4df50bcc, org.springframework.boot.test.mock.mockito.ResetMocksTestExecutionListener@6b26e945, org.springframework.boot.test.autoconfigure.web.client.MockRestServiceServerResetTestExecutionListener@63a65a25, org.springframework.boot.test.mock.mockito.MockitoTestExecutionListener@54c562f7]
22:32:15.298 [main] DEBUG org.springframework.test.annotation.ProfileValueUtils - Retrieved @ProfileValueSourceConfiguration [null] for test class [com.amb.ApplicationTests]
22:32:15.298 [main] DEBUG org.springframework.test.annotation.ProfileValueUtils - Retrieved ProfileValueSource type [class org.springframework.test.annotation.SystemProfileValueSource] for class [com.amb.ApplicationTests]
22:32:15.300 [main] DEBUG org.springframework.test.context.junit4.SpringJUnit4ClassRunner - SpringJUnit4ClassRunner constructor called with [class com.amb.ApplicationTests]
22:32:15.301 [main] DEBUG org.springframework.test.context.BootstrapUtils - Instantiating CacheAwareContextLoaderDelegate from class [org.springframework.test.context.cache.DefaultCacheAwareContextLoaderDelegate]
22:32:15.301 [main] DEBUG org.springframework.test.context.BootstrapUtils - Instantiating BootstrapContext using constructor [public org.springframework.test.context.support.DefaultBootstrapContext(java.lang.Class,org.springframework.test.context.CacheAwareContextLoaderDelegate)]
22:32:15.301 [main] DEBUG org.springframework.test.context.BootstrapUtils - Instantiating TestContextBootstrapper for test class [com.amb.ApplicationTests] from class [org.springframework.boot.test.context.SpringBootTestContextBootstrapper]
22:32:15.302 [main] INFO org.springframework.boot.test.context.SpringBootTestContextBootstrapper - Neither @ContextConfiguration nor @ContextHierarchy found for test class [com.amb.ApplicationTests], using SpringBootContextLoader
22:32:15.302 [main] DEBUG org.springframework.test.context.support.AbstractContextLoader - Did not detect default resource location for test class [com.amb.ApplicationTests]: class path resource [com/amb/ApplicationTests-context.xml] does not exist
22:32:15.302 [main] DEBUG org.springframework.test.context.support.AbstractContextLoader - Did not detect default resource location for test class [com.amb.ApplicationTests]: class path resource [com/amb/ApplicationTestsContext.groovy] does not exist
22:32:15.303 [main] INFO org.springframework.test.context.support.AbstractContextLoader - Could not detect default resource locations for test class [com.amb.ApplicationTests]: no resource found for suffixes {-context.xml, Context.groovy}.
22:32:15.303 [main] INFO org.springframework.test.context.support.AnnotationConfigContextLoaderUtils - Could not detect default configuration classes for test class [com.amb.ApplicationTests]: ApplicationTests does not declare any static, non-private, non-final, nested classes annotated with @Configuration.
22:32:15.307 [main] DEBUG org.springframework.test.context.support.ActiveProfilesUtils - Could not find an 'annotation declaring class' for annotation type [org.springframework.test.context.ActiveProfiles] and class [com.amb.ApplicationTests]
22:32:15.308 [main] DEBUG org.springframework.core.env.StandardEnvironment - Adding [systemProperties] PropertySource with lowest search precedence
22:32:15.308 [main] DEBUG org.springframework.core.env.StandardEnvironment - Adding [systemEnvironment] PropertySource with lowest search precedence
22:32:15.309 [main] DEBUG org.springframework.core.env.StandardEnvironment - Initialized StandardEnvironment with PropertySources [systemProperties,systemEnvironment]
22:32:15.309 [main] INFO org.springframework.boot.test.context.SpringBootTestContextBootstrapper - Found @SpringBootConfiguration com.amb.ResourceApplication for test class com.amb.ApplicationTests
22:32:15.310 [main] DEBUG org.springframework.boot.test.context.SpringBootTestContextBootstrapper - @TestExecutionListeners is not present for class [com.amb.ApplicationTests]: using defaults.
22:32:15.314 [main] INFO org.springframework.boot.test.context.SpringBootTestContextBootstrapper - Loaded default TestExecutionListener class names from location [META-INF/spring.factories]: [org.springframework.boot.test.mock.mockito.MockitoTestExecutionListener, org.springframework.boot.test.mock.mockito.ResetMocksTestExecutionListener, org.springframework.boot.test.autoconfigure.restdocs.RestDocsTestExecutionListener, org.springframework.boot.test.autoconfigure.web.client.MockRestServiceServerResetTestExecutionListener, org.springframework.boot.test.autoconfigure.web.servlet.MockMvcPrintOnlyOnFailureTestExecutionListener, org.springframework.boot.test.autoconfigure.web.servlet.WebDriverTestExecutionListener, org.springframework.test.context.web.ServletTestExecutionListener, org.springframework.test.context.support.DirtiesContextBeforeModesTestExecutionListener, org.springframework.test.context.support.DependencyInjectionTestExecutionListener, org.springframework.test.context.support.DirtiesContextTestExecutionListener, org.springframework.test.context.transaction.TransactionalTestExecutionListener, org.springframework.test.context.jdbc.SqlScriptsTestExecutionListener]
22:32:15.316 [main] INFO org.springframework.boot.test.context.SpringBootTestContextBootstrapper - Using TestExecutionListeners: [org.springframework.test.context.web.ServletTestExecutionListener@4b5d6a01, org.springframework.test.context.support.DirtiesContextBeforeModesTestExecutionListener@4a22f9e2, org.springframework.boot.test.autoconfigure.SpringBootDependencyInjectionTestExecutionListener@3c419631, org.springframework.test.context.support.DirtiesContextTestExecutionListener@418e7838, org.springframework.test.context.transaction.TransactionalTestExecutionListener@61230f6a, org.springframework.test.context.jdbc.SqlScriptsTestExecutionListener@3c130745, org.springframework.boot.test.autoconfigure.web.servlet.WebDriverTestExecutionListener@cd3fee8, org.springframework.boot.test.autoconfigure.restdocs.RestDocsTestExecutionListener@3e2e18f2, org.springframework.boot.test.autoconfigure.web.servlet.MockMvcPrintOnlyOnFailureTestExecutionListener@470f1802, org.springframework.boot.test.mock.mockito.ResetMocksTestExecutionListener@63021689, org.springframework.boot.test.autoconfigure.web.client.MockRestServiceServerResetTestExecutionListener@703580bf, org.springframework.boot.test.mock.mockito.MockitoTestExecutionListener@3e92efc3]
22:32:15.317 [main] DEBUG org.springframework.test.annotation.ProfileValueUtils - Retrieved @ProfileValueSourceConfiguration [null] for test class [com.amb.ApplicationTests]
22:32:15.317 [main] DEBUG org.springframework.test.annotation.ProfileValueUtils - Retrieved ProfileValueSource type [class org.springframework.test.annotation.SystemProfileValueSource] for class [com.amb.ApplicationTests]
22:32:15.318 [main] DEBUG org.springframework.test.annotation.ProfileValueUtils - Retrieved @ProfileValueSourceConfiguration [null] for test class [com.amb.ApplicationTests]
22:32:15.318 [main] DEBUG org.springframework.test.annotation.ProfileValueUtils - Retrieved ProfileValueSource type [class org.springframework.test.annotation.SystemProfileValueSource] for class [com.amb.ApplicationTests]
22:32:15.322 [main] DEBUG org.springframework.test.context.support.AbstractDirtiesContextTestExecutionListener - Before test class: context [DefaultTestContext@64cd705f testClass = ApplicationTests, testInstance = [null], testMethod = [null], testException = [null], mergedContextConfiguration = [WebMergedContextConfiguration@9225652 testClass = ApplicationTests, locations = '{}', classes = '{class com.amb.ResourceApplication}', contextInitializerClasses = '[]', activeProfiles = '{}', propertySourceLocations = '{}', propertySourceProperties = '{org.springframework.boot.test.context.SpringBootTestContextBootstrapper=true, server.port=0}', contextCustomizers = set[org.springframework.boot.test.context.SpringBootTestContextCustomizer@184f6be2, org.springframework.boot.test.context.filter.ExcludeFilterContextCustomizer@5a1c0542, org.springframework.boot.test.mock.mockito.MockitoContextCustomizer@0, org.springframework.boot.test.autoconfigure.properties.PropertyMappingContextCustomizer@0, org.springframework.boot.test.autoconfigure.web.servlet.WebDriverContextCustomizerFactory$Customizer@52feb982], resourceBasePath = 'src/main/webapp', contextLoader = 'org.springframework.boot.test.context.SpringBootContextLoader', parent = [null]]], class annotated with @DirtiesContext [false] with mode [null].
22:32:15.322 [main] DEBUG org.springframework.test.annotation.ProfileValueUtils - Retrieved @ProfileValueSourceConfiguration [null] for test class [com.amb.ApplicationTests]
22:32:15.324 [main] DEBUG org.springframework.test.annotation.ProfileValueUtils - Retrieved ProfileValueSource type [class org.springframework.test.annotation.SystemProfileValueSource] for class [com.amb.ApplicationTests]
22:32:15.701 [main] DEBUG org.springframework.test.context.support.DependencyInjectionTestExecutionListener - Performing dependency injection for test context [[DefaultTestContext@64cd705f testClass = ApplicationTests, testInstance = com.amb.ApplicationTests@534a5a98, testMethod = [null], testException = [null], mergedContextConfiguration = [WebMergedContextConfiguration@9225652 testClass = ApplicationTests, locations = '{}', classes = '{class com.amb.ResourceApplication}', contextInitializerClasses = '[]', activeProfiles = '{}', propertySourceLocations = '{}', propertySourceProperties = '{org.springframework.boot.test.context.SpringBootTestContextBootstrapper=true, server.port=0}', contextCustomizers = set[org.springframework.boot.test.context.SpringBootTestContextCustomizer@184f6be2, org.springframework.boot.test.context.filter.ExcludeFilterContextCustomizer@5a1c0542, org.springframework.boot.test.mock.mockito.MockitoContextCustomizer@0, org.springframework.boot.test.autoconfigure.properties.PropertyMappingContextCustomizer@0, org.springframework.boot.test.autoconfigure.web.servlet.WebDriverContextCustomizerFactory$Customizer@52feb982], resourceBasePath = 'src/main/webapp', contextLoader = 'org.springframework.boot.test.context.SpringBootContextLoader', parent = [null]]]].
22:32:15.732 [main] DEBUG org.springframework.core.env.StandardEnvironment - Adding [systemProperties] PropertySource with lowest search precedence
22:32:15.732 [main] DEBUG org.springframework.core.env.StandardEnvironment - Adding [systemEnvironment] PropertySource with lowest search precedence
22:32:15.733 [main] DEBUG org.springframework.core.env.StandardEnvironment - Initialized StandardEnvironment with PropertySources [systemProperties,systemEnvironment]
22:32:15.733 [main] DEBUG org.springframework.test.context.support.TestPropertySourceUtils - Adding inlined properties to environment: {spring.jmx.enabled=false, org.springframework.boot.test.context.SpringBootTestContextBootstrapper=true, server.port=0}
22:32:15.734 [main] DEBUG org.springframework.core.env.StandardEnvironment - Adding [Inlined Test Properties] PropertySource with highest search precedence

  .   ____          _            __ _ _
 /\\ / ___'_ __ _ _(_)_ __  __ _ \ \ \ \
( ( )\___ | '_ | '_| | '_ \/ _` | \ \ \ \
 \\/  ___)| |_)| | | | | || (_| |  ) ) ) )
  '  |____| .__|_| |_|_| |_\__, | / / / /
 =========|_|==============|___/=/_/_/_/
 :: Spring Boot ::        (v1.4.2.RELEASE)

2017-02-08 22:32:16.024  INFO 1615 --- [           main] com.amb.ApplicationTests                 : Starting ApplicationTests on Nays-MBP with PID 1615 (started by phonaylin in /Users/phonaylin/Documents/Development/tut-spring-security-and-angular-js/double/resource)
2017-02-08 22:32:16.025  INFO 1615 --- [           main] com.amb.ApplicationTests                 : No active profile set, falling back to default profiles: default
2017-02-08 22:32:16.062  INFO 1615 --- [           main] ationConfigEmbeddedWebApplicationContext : Refreshing org.springframework.boot.context.embedded.AnnotationConfigEmbeddedWebApplicationContext@258d79be: startup date [Wed Feb 08 22:32:16 SGT 2017]; root of context hierarchy
2017-02-08 22:32:17.174  INFO 1615 --- [           main] o.s.b.f.s.DefaultListableBeanFactory     : Overriding bean definition for bean 'ignoredPathsWebSecurityConfigurerAdapter' with a different definition: replacing [Root bean: class [null]; scope=; abstract=false; lazyInit=false; autowireMode=3; dependencyCheck=0; autowireCandidate=true; primary=false; factoryBeanName=org.springframework.boot.autoconfigure.security.SpringBootWebSecurityConfiguration; factoryMethodName=ignoredPathsWebSecurityConfigurerAdapter; initMethodName=null; destroyMethodName=(inferred); defined in class path resource [org/springframework/boot/autoconfigure/security/SpringBootWebSecurityConfiguration.class]] with [Root bean: class [null]; scope=; abstract=false; lazyInit=false; autowireMode=3; dependencyCheck=0; autowireCandidate=true; primary=false; factoryBeanName=org.springframework.boot.actuate.autoconfigure.ManagementWebSecurityAutoConfiguration; factoryMethodName=ignoredPathsWebSecurityConfigurerAdapter; initMethodName=null; destroyMethodName=(inferred); defined in class path resource [org/springframework/boot/actuate/autoconfigure/ManagementWebSecurityAutoConfiguration.class]]
2017-02-08 22:32:17.222  INFO 1615 --- [           main] o.s.b.f.config.PropertiesFactoryBean     : Loading properties file from URL [jar:file:/Users/phonaylin/.m2/repository/org/springframework/integration/spring-integration-core/4.3.5.RELEASE/spring-integration-core-4.3.5.RELEASE.jar!/META-INF/spring.integration.default.properties]
2017-02-08 22:32:17.226  INFO 1615 --- [           main] o.s.i.config.IntegrationRegistrar        : No bean named 'integrationHeaderChannelRegistry' has been explicitly defined. Therefore, a default DefaultHeaderChannelRegistry will be created.
2017-02-08 22:32:17.333  INFO 1615 --- [           main] o.s.b.f.s.DefaultListableBeanFactory     : Overriding bean definition for bean 'managementServletContext' with a different definition: replacing [Root bean: class [null]; scope=; abstract=false; lazyInit=false; autowireMode=3; dependencyCheck=0; autowireCandidate=true; primary=false; factoryBeanName=org.springframework.boot.actuate.autoconfigure.EndpointWebMvcHypermediaManagementContextConfiguration; factoryMethodName=managementServletContext; initMethodName=null; destroyMethodName=(inferred); defined in class path resource [org/springframework/boot/actuate/autoconfigure/EndpointWebMvcHypermediaManagementContextConfiguration.class]] with [Root bean: class [null]; scope=; abstract=false; lazyInit=false; autowireMode=3; dependencyCheck=0; autowireCandidate=true; primary=false; factoryBeanName=org.springframework.boot.actuate.autoconfigure.EndpointWebMvcAutoConfiguration; factoryMethodName=managementServletContext; initMethodName=null; destroyMethodName=(inferred); defined in class path resource [org/springframework/boot/actuate/autoconfigure/EndpointWebMvcAutoConfiguration.class]]
2017-02-08 22:32:17.402  INFO 1615 --- [           main] .s.d.r.c.RepositoryConfigurationDelegate : Multiple Spring Data modules found, entering strict repository configuration mode!
2017-02-08 22:32:17.524  INFO 1615 --- [           main] .s.d.r.c.RepositoryConfigurationDelegate : Multiple Spring Data modules found, entering strict repository configuration mode!
2017-02-08 22:32:17.544  INFO 1615 --- [           main] .RepositoryConfigurationExtensionSupport : Spring Data Redis - Could not safely identify store assignment for repository candidate interface com.amb.core.service.POIRepository.
2017-02-08 22:32:17.548  INFO 1615 --- [           main] .RepositoryConfigurationExtensionSupport : Spring Data Redis - Could not safely identify store assignment for repository candidate interface com.amb.core.service.RouteRepository.
2017-02-08 22:32:17.548  INFO 1615 --- [           main] .RepositoryConfigurationExtensionSupport : Spring Data Redis - Could not safely identify store assignment for repository candidate interface com.amb.core.service.CityRepository.
2017-02-08 22:32:17.549  INFO 1615 --- [           main] .RepositoryConfigurationExtensionSupport : Spring Data Redis - Could not safely identify store assignment for repository candidate interface com.amb.PersonRepository.
2017-02-08 22:32:17.549  INFO 1615 --- [           main] .RepositoryConfigurationExtensionSupport : Spring Data Redis - Could not safely identify store assignment for repository candidate interface com.amb.bus.service.BusRepository.
2017-02-08 22:32:17.550  INFO 1615 --- [           main] .RepositoryConfigurationExtensionSupport : Spring Data Redis - Could not safely identify store assignment for repository candidate interface com.amb.bus.service.BusOperatorRepository.
2017-02-08 22:32:17.550  INFO 1615 --- [           main] .RepositoryConfigurationExtensionSupport : Spring Data Redis - Could not safely identify store assignment for repository candidate interface com.amb.bus.service.BusOrderRepository.
2017-02-08 22:32:17.550  INFO 1615 --- [           main] .RepositoryConfigurationExtensionSupport : Spring Data Redis - Could not safely identify store assignment for repository candidate interface com.amb.bus.service.BusRouteRepository.
2017-02-08 22:32:17.550  INFO 1615 --- [           main] .RepositoryConfigurationExtensionSupport : Spring Data Redis - Could not safely identify store assignment for repository candidate interface com.amb.hotel.service.HotelRepository.
2017-02-08 22:32:17.551  INFO 1615 --- [           main] .RepositoryConfigurationExtensionSupport : Spring Data Redis - Could not safely identify store assignment for repository candidate interface com.amb.core.service.CustomerRepository.
2017-02-08 22:32:17.551  INFO 1615 --- [           main] .RepositoryConfigurationExtensionSupport : Spring Data Redis - Could not safely identify store assignment for repository candidate interface com.amb.hotel.service.ReviewRepository.
2017-02-08 22:32:17.967  INFO 1615 --- [           main] faultConfiguringBeanFactoryPostProcessor : No bean named 'errorChannel' has been explicitly defined. Therefore, a default PublishSubscribeChannel will be created.
2017-02-08 22:32:17.973  INFO 1615 --- [           main] faultConfiguringBeanFactoryPostProcessor : No bean named 'taskScheduler' has been explicitly defined. Therefore, a default ThreadPoolTaskScheduler will be created.
2017-02-08 22:32:18.137  INFO 1615 --- [           main] trationDelegate$BeanPostProcessorChecker : Bean 'org.springframework.transaction.annotation.ProxyTransactionManagementConfiguration' of type [class org.springframework.transaction.annotation.ProxyTransactionManagementConfiguration$$EnhancerBySpringCGLIB$$801d7a1a] is not eligible for getting processed by all BeanPostProcessors (for example: not eligible for auto-proxying)
2017-02-08 22:32:18.232  INFO 1615 --- [           main] o.s.b.f.config.PropertiesFactoryBean     : Loading properties file from URL [jar:file:/Users/phonaylin/.m2/repository/org/springframework/integration/spring-integration-core/4.3.5.RELEASE/spring-integration-core-4.3.5.RELEASE.jar!/META-INF/spring.integration.default.properties]
2017-02-08 22:32:18.232  INFO 1615 --- [           main] trationDelegate$BeanPostProcessorChecker : Bean 'integrationGlobalProperties' of type [class org.springframework.beans.factory.config.PropertiesFactoryBean] is not eligible for getting processed by all BeanPostProcessors (for example: not eligible for auto-proxying)
2017-02-08 22:32:18.233  INFO 1615 --- [           main] trationDelegate$BeanPostProcessorChecker : Bean 'integrationGlobalProperties' of type [class java.util.Properties] is not eligible for getting processed by all BeanPostProcessors (for example: not eligible for auto-proxying)
2017-02-08 22:32:18.660  INFO 1615 --- [           main] s.b.c.e.t.TomcatEmbeddedServletContainer : Tomcat initialized with port(s): 0 (http)
2017-02-08 22:32:18.672  INFO 1615 --- [           main] o.apache.catalina.core.StandardService   : Starting service Tomcat
2017-02-08 22:32:18.673  INFO 1615 --- [           main] org.apache.catalina.core.StandardEngine  : Starting Servlet Engine: Apache Tomcat/8.5.6
2017-02-08 22:32:18.788  INFO 1615 --- [ost-startStop-1] o.a.c.c.C.[Tomcat].[localhost].[/]       : Initializing Spring embedded WebApplicationContext
2017-02-08 22:32:18.788  INFO 1615 --- [ost-startStop-1] o.s.web.context.ContextLoader            : Root WebApplicationContext: initialization completed in 2730 ms
2017-02-08 22:32:19.822  INFO 1615 --- [ost-startStop-1] j.LocalContainerEntityManagerFactoryBean : Building JPA container EntityManagerFactory for persistence unit 'default'
2017-02-08 22:32:19.844  INFO 1615 --- [ost-startStop-1] o.hibernate.jpa.internal.util.LogHelper  : HHH000204: Processing PersistenceUnitInfo [
	name: default
	...]
2017-02-08 22:32:19.956  INFO 1615 --- [ost-startStop-1] org.hibernate.Version                    : HHH000412: Hibernate Core {5.0.11.Final}
2017-02-08 22:32:19.958  INFO 1615 --- [ost-startStop-1] org.hibernate.cfg.Environment            : HHH000206: hibernate.properties not found
2017-02-08 22:32:19.960  INFO 1615 --- [ost-startStop-1] org.hibernate.cfg.Environment            : HHH000021: Bytecode provider name : javassist
2017-02-08 22:32:20.012  INFO 1615 --- [ost-startStop-1] o.hibernate.annotations.common.Version   : HCANN000001: Hibernate Commons Annotations {5.0.1.Final}
2017-02-08 22:32:20.155  INFO 1615 --- [ost-startStop-1] org.hibernate.dialect.Dialect            : HHH000400: Using dialect: org.hibernate.dialect.HSQLDialect
2017-02-08 22:32:20.469  WARN 1615 --- [ost-startStop-1] o.h.t.d.java.JavaTypeDescriptorRegistry  : Could not find matching type descriptor for requested Java class [javax.money.MonetaryAmount]; using fallback
2017-02-08 22:32:20.472  WARN 1615 --- [ost-startStop-1] o.h.t.d.java.JavaTypeDescriptorRegistry  : Could not find matching type descriptor for requested Java class [javax.money.MonetaryAmount]; using fallback
2017-02-08 22:32:20.886  INFO 1615 --- [ost-startStop-1] org.hibernate.tool.hbm2ddl.SchemaExport  : HHH000227: Running hbm2ddl schema export
Hibernate: alter table bus drop constraint FKsqvee5go9rqj0eplk23o3jhyh
2017-02-08 22:32:20.890 ERROR 1615 --- [ost-startStop-1] org.hibernate.tool.hbm2ddl.SchemaExport  : HHH000389: Unsuccessful: alter table bus drop constraint FKsqvee5go9rqj0eplk23o3jhyh
2017-02-08 22:32:20.890 ERROR 1615 --- [ost-startStop-1] org.hibernate.tool.hbm2ddl.SchemaExport  : user lacks privilege or object not found: PUBLIC.BUS
Hibernate: alter table bus_amenities drop constraint FKfuv9ymm2hsegu65i8b8u1863s
2017-02-08 22:32:20.890 ERROR 1615 --- [ost-startStop-1] org.hibernate.tool.hbm2ddl.SchemaExport  : HHH000389: Unsuccessful: alter table bus_amenities drop constraint FKfuv9ymm2hsegu65i8b8u1863s
2017-02-08 22:32:20.891 ERROR 1615 --- [ost-startStop-1] org.hibernate.tool.hbm2ddl.SchemaExport  : user lacks privilege or object not found: PUBLIC.BUS_AMENITIES
Hibernate: alter table bus_order drop constraint FKtgvapnx5e6npbmo25snmudqi3
2017-02-08 22:32:20.891 ERROR 1615 --- [ost-startStop-1] org.hibernate.tool.hbm2ddl.SchemaExport  : HHH000389: Unsuccessful: alter table bus_order drop constraint FKtgvapnx5e6npbmo25snmudqi3
2017-02-08 22:32:20.891 ERROR 1615 --- [ost-startStop-1] org.hibernate.tool.hbm2ddl.SchemaExport  : user lacks privilege or object not found: PUBLIC.BUS_ORDER
Hibernate: alter table bus_order drop constraint FKocxkakql73b5tgol2j5wxapi3
2017-02-08 22:32:20.891 ERROR 1615 --- [ost-startStop-1] org.hibernate.tool.hbm2ddl.SchemaExport  : HHH000389: Unsuccessful: alter table bus_order drop constraint FKocxkakql73b5tgol2j5wxapi3
2017-02-08 22:32:20.892 ERROR 1615 --- [ost-startStop-1] org.hibernate.tool.hbm2ddl.SchemaExport  : user lacks privilege or object not found: PUBLIC.BUS_ORDER
Hibernate: alter table bus_order_order_items drop constraint FK6qqi2826hs02epm74u3urds6d
2017-02-08 22:32:20.892 ERROR 1615 --- [ost-startStop-1] org.hibernate.tool.hbm2ddl.SchemaExport  : HHH000389: Unsuccessful: alter table bus_order_order_items drop constraint FK6qqi2826hs02epm74u3urds6d
2017-02-08 22:32:20.892 ERROR 1615 --- [ost-startStop-1] org.hibernate.tool.hbm2ddl.SchemaExport  : user lacks privilege or object not found: PUBLIC.BUS_ORDER_ORDER_ITEMS
Hibernate: alter table bus_order_order_items drop constraint FKo5pqgt4nrdtt531ind05yqra5
2017-02-08 22:32:20.892 ERROR 1615 --- [ost-startStop-1] org.hibernate.tool.hbm2ddl.SchemaExport  : HHH000389: Unsuccessful: alter table bus_order_order_items drop constraint FKo5pqgt4nrdtt531ind05yqra5
2017-02-08 22:32:20.892 ERROR 1615 --- [ost-startStop-1] org.hibernate.tool.hbm2ddl.SchemaExport  : user lacks privilege or object not found: PUBLIC.BUS_ORDER_ORDER_ITEMS
Hibernate: alter table bus_route drop constraint FK3hojn1e28sehvqkydheuoipdx
2017-02-08 22:32:20.893 ERROR 1615 --- [ost-startStop-1] org.hibernate.tool.hbm2ddl.SchemaExport  : HHH000389: Unsuccessful: alter table bus_route drop constraint FK3hojn1e28sehvqkydheuoipdx
2017-02-08 22:32:20.893 ERROR 1615 --- [ost-startStop-1] org.hibernate.tool.hbm2ddl.SchemaExport  : user lacks privilege or object not found: PUBLIC.BUS_ROUTE
Hibernate: alter table bus_route drop constraint FKpc88yuyhcmj53kytw0k6ptu24
2017-02-08 22:32:20.893 ERROR 1615 --- [ost-startStop-1] org.hibernate.tool.hbm2ddl.SchemaExport  : HHH000389: Unsuccessful: alter table bus_route drop constraint FKpc88yuyhcmj53kytw0k6ptu24
2017-02-08 22:32:20.893 ERROR 1615 --- [ost-startStop-1] org.hibernate.tool.hbm2ddl.SchemaExport  : user lacks privilege or object not found: PUBLIC.BUS_ROUTE
Hibernate: alter table bus_route drop constraint FK5ktfklpk1sbp42eaksg49s4vs
2017-02-08 22:32:20.893 ERROR 1615 --- [ost-startStop-1] org.hibernate.tool.hbm2ddl.SchemaExport  : HHH000389: Unsuccessful: alter table bus_route drop constraint FK5ktfklpk1sbp42eaksg49s4vs
2017-02-08 22:32:20.893 ERROR 1615 --- [ost-startStop-1] org.hibernate.tool.hbm2ddl.SchemaExport  : user lacks privilege or object not found: PUBLIC.BUS_ROUTE
Hibernate: alter table bus_station drop constraint FKdpkw6qb126ucij6io29f5glqp
2017-02-08 22:32:20.894 ERROR 1615 --- [ost-startStop-1] org.hibernate.tool.hbm2ddl.SchemaExport  : HHH000389: Unsuccessful: alter table bus_station drop constraint FKdpkw6qb126ucij6io29f5glqp
2017-02-08 22:32:20.894 ERROR 1615 --- [ost-startStop-1] org.hibernate.tool.hbm2ddl.SchemaExport  : user lacks privilege or object not found: PUBLIC.BUS_STATION
Hibernate: alter table hotel drop constraint FKf1iabdv6bi2yohh9h48wce42x
2017-02-08 22:32:20.894 ERROR 1615 --- [ost-startStop-1] org.hibernate.tool.hbm2ddl.SchemaExport  : HHH000389: Unsuccessful: alter table hotel drop constraint FKf1iabdv6bi2yohh9h48wce42x
2017-02-08 22:32:20.894 ERROR 1615 --- [ost-startStop-1] org.hibernate.tool.hbm2ddl.SchemaExport  : user lacks privilege or object not found: PUBLIC.HOTEL
Hibernate: alter table review drop constraint FKi0ly7ivbh8ijdgoi7cwtuoavt
2017-02-08 22:32:20.894 ERROR 1615 --- [ost-startStop-1] org.hibernate.tool.hbm2ddl.SchemaExport  : HHH000389: Unsuccessful: alter table review drop constraint FKi0ly7ivbh8ijdgoi7cwtuoavt
2017-02-08 22:32:20.894 ERROR 1615 --- [ost-startStop-1] org.hibernate.tool.hbm2ddl.SchemaExport  : user lacks privilege or object not found: PUBLIC.REVIEW
Hibernate: alter table route drop constraint FKqdrjo8ibbaokxnjllocb5lqot
2017-02-08 22:32:20.894 ERROR 1615 --- [ost-startStop-1] org.hibernate.tool.hbm2ddl.SchemaExport  : HHH000389: Unsuccessful: alter table route drop constraint FKqdrjo8ibbaokxnjllocb5lqot
2017-02-08 22:32:20.894 ERROR 1615 --- [ost-startStop-1] org.hibernate.tool.hbm2ddl.SchemaExport  : user lacks privilege or object not found: PUBLIC.ROUTE
Hibernate: alter table route drop constraint FKn1jvkn5xj74u7schhj92m85ep
2017-02-08 22:32:20.895 ERROR 1615 --- [ost-startStop-1] org.hibernate.tool.hbm2ddl.SchemaExport  : HHH000389: Unsuccessful: alter table route drop constraint FKn1jvkn5xj74u7schhj92m85ep
2017-02-08 22:32:20.895 ERROR 1615 --- [ost-startStop-1] org.hibernate.tool.hbm2ddl.SchemaExport  : user lacks privilege or object not found: PUBLIC.ROUTE
Hibernate: drop table bus if exists
Hibernate: drop table bus_amenities if exists
Hibernate: drop table bus_operator if exists
Hibernate: drop table bus_order if exists
Hibernate: drop table bus_order_order_items if exists
Hibernate: drop table bus_order_item if exists
Hibernate: drop table bus_route if exists
Hibernate: drop table bus_station if exists
Hibernate: drop table city if exists
Hibernate: drop table country if exists
Hibernate: drop table customer if exists
Hibernate: drop table hotel if exists
Hibernate: drop table person if exists
Hibernate: drop table poi if exists
Hibernate: drop table review if exists
Hibernate: drop table route if exists
Hibernate: create table bus (id bigint generated by default as identity (start with 1), version bigint, bus_class varchar(255) not null, bus_class_description varchar(255), capacity integer not null, license_number varchar(255) not null, operator_id bigint not null, primary key (id))
Hibernate: create table bus_amenities (bus_id bigint not null, bus_amenities varchar(255), bus_amenities_order integer not null, primary key (bus_id, bus_amenities_order))
Hibernate: create table bus_operator (id bigint generated by default as identity (start with 1), version bigint, name varchar(255) not null, primary key (id))
Hibernate: create table bus_order (id bigint generated by default as identity (start with 1), version bigint, booking_ref_id varchar(255) not null, buyer_email_address varchar(255), buyer_mobile_number varchar(255), comment varchar(255), order_status integer not null, total_price varchar(255) not null, travel_date varbinary(255), bus_route_id bigint not null, customer_id bigint, primary key (id))
Hibernate: create table bus_order_order_items (bus_order_id bigint not null, order_items_id bigint not null, order_items_order integer not null, primary key (bus_order_id, order_items_order))
Hibernate: create table bus_order_item (id bigint generated by default as identity (start with 1), version bigint, passenger_contact_number varchar(255), passenger_email_address varchar(255), passenger_first_name varchar(255) not null, passenger_last_name varchar(255), ticket_number varchar(255), travel_date varbinary(255), primary key (id))
Hibernate: create table bus_route (id bigint generated by default as identity (start with 1), version bigint, active_end_date timestamp, active_start_date timestamp, arrival_time time, day_of_week integer not null, departure_time time not null, fare varchar(255), bus_id bigint not null, destpoi_id bigint not null, originpoi_id bigint not null, primary key (id))
Hibernate: create table bus_station (id bigint generated by default as identity (start with 1), version bigint, name varchar(255) not null, city_id bigint not null, primary key (id))
Hibernate: create table city (id bigint generated by default as identity (start with 1), country varchar(255) not null, map varchar(255) not null, name varchar(255) not null, state varchar(255) not null, primary key (id))
Hibernate: create table country (id bigint generated by default as identity (start with 1), version bigint, name varchar(255), short_description varchar(255), primary key (id))
Hibernate: create table customer (id bigint generated by default as identity (start with 1), version bigint, contact_number varchar(255), email_address varchar(255), first_name varchar(255) not null, last_name varchar(255) not null, primary key (id))
Hibernate: create table hotel (id bigint generated by default as identity (start with 1), address varchar(255) not null, name varchar(255) not null, zip varchar(255) not null, city_id bigint not null, primary key (id))
Hibernate: create table person (id bigint generated by default as identity (start with 1), version bigint, first_name varchar(255), last_name varchar(255), primary key (id))
Hibernate: create table poi (id bigint generated by default as identity (start with 1), version bigint, description varchar(255), map varchar(255), title varchar(255) not null, primary key (id))
Hibernate: create table review (id bigint generated by default as identity (start with 1), check_in_date date not null, details varchar(5000) not null, idx integer not null, rating integer not null, title varchar(255) not null, trip_type integer not null, hotel_id bigint not null, primary key (id))
Hibernate: create table route (id bigint generated by default as identity (start with 1), version bigint, destpoi_id bigint not null, originpoi_id bigint not null, primary key (id))
Hibernate: alter table bus_order_order_items add constraint UK_8bo2qgj9rhc8t3tty0fsbt9kg unique (order_items_id)
Hibernate: alter table hotel add constraint UK_i80qjsl99gene06k3t31y3sv5 unique (city_id, name)
Hibernate: alter table bus add constraint FKsqvee5go9rqj0eplk23o3jhyh foreign key (operator_id) references bus_operator
Hibernate: alter table bus_amenities add constraint FKfuv9ymm2hsegu65i8b8u1863s foreign key (bus_id) references bus
Hibernate: alter table bus_order add constraint FKtgvapnx5e6npbmo25snmudqi3 foreign key (bus_route_id) references bus_route
Hibernate: alter table bus_order add constraint FKocxkakql73b5tgol2j5wxapi3 foreign key (customer_id) references customer
Hibernate: alter table bus_order_order_items add constraint FK6qqi2826hs02epm74u3urds6d foreign key (order_items_id) references bus_order_item
Hibernate: alter table bus_order_order_items add constraint FKo5pqgt4nrdtt531ind05yqra5 foreign key (bus_order_id) references bus_order
Hibernate: alter table bus_route add constraint FK3hojn1e28sehvqkydheuoipdx foreign key (bus_id) references bus
Hibernate: alter table bus_route add constraint FKpc88yuyhcmj53kytw0k6ptu24 foreign key (destpoi_id) references poi
Hibernate: alter table bus_route add constraint FK5ktfklpk1sbp42eaksg49s4vs foreign key (originpoi_id) references poi
Hibernate: alter table bus_station add constraint FKdpkw6qb126ucij6io29f5glqp foreign key (city_id) references city
Hibernate: alter table hotel add constraint FKf1iabdv6bi2yohh9h48wce42x foreign key (city_id) references city
Hibernate: alter table review add constraint FKi0ly7ivbh8ijdgoi7cwtuoavt foreign key (hotel_id) references hotel
Hibernate: alter table route add constraint FKqdrjo8ibbaokxnjllocb5lqot foreign key (destpoi_id) references poi
Hibernate: alter table route add constraint FKn1jvkn5xj74u7schhj92m85ep foreign key (originpoi_id) references poi
2017-02-08 22:32:20.916  INFO 1615 --- [ost-startStop-1] org.hibernate.tool.hbm2ddl.SchemaExport  : HHH000476: Executing import script '/import.sql'
2017-02-08 22:32:20.951  INFO 1615 --- [ost-startStop-1] org.hibernate.tool.hbm2ddl.SchemaExport  : HHH000230: Schema export complete
2017-02-08 22:32:21.011  INFO 1615 --- [ost-startStop-1] j.LocalContainerEntityManagerFactoryBean : Initialized JPA EntityManagerFactory for persistence unit 'default'
2017-02-08 22:32:21.354  INFO 1615 --- [ost-startStop-1] o.h.h.i.QueryTranslatorFactoryInitiator  : HHH000397: Using ASTQueryTranslatorFactory
2017-02-08 22:32:21.617  INFO 1615 --- [ost-startStop-1] o.s.b.f.config.PropertiesFactoryBean     : Loading properties file from class path resource [rest-default-messages.properties]
2017-02-08 22:32:22.153  WARN 1615 --- [ost-startStop-1] o.s.b.a.s.RedisSessionConfiguration      : Spring Session store type is mandatory: set 'spring.session.store-type=redis' in your configuration
2017-02-08 22:32:22.274  INFO 1615 --- [ost-startStop-1] o.s.b.w.servlet.FilterRegistrationBean   : Mapping filter: 'metricsFilter' to: [/*]
2017-02-08 22:32:22.275  INFO 1615 --- [ost-startStop-1] o.s.b.w.servlet.FilterRegistrationBean   : Mapping filter: 'characterEncodingFilter' to: [/*]
2017-02-08 22:32:22.275  INFO 1615 --- [ost-startStop-1] o.s.b.w.servlet.FilterRegistrationBean   : Mapping filter: 'springSessionRepositoryFilter' to: [/*]
2017-02-08 22:32:22.275  INFO 1615 --- [ost-startStop-1] o.s.b.w.servlet.FilterRegistrationBean   : Mapping filter: 'hiddenHttpMethodFilter' to: [/*]
2017-02-08 22:32:22.275  INFO 1615 --- [ost-startStop-1] o.s.b.w.servlet.FilterRegistrationBean   : Mapping filter: 'httpPutFormContentFilter' to: [/*]
2017-02-08 22:32:22.275  INFO 1615 --- [ost-startStop-1] o.s.b.w.servlet.FilterRegistrationBean   : Mapping filter: 'requestContextFilter' to: [/*]
2017-02-08 22:32:22.275  INFO 1615 --- [ost-startStop-1] o.s.b.w.servlet.FilterRegistrationBean   : Mapping filter: 'webRequestLoggingFilter' to: [/*]
2017-02-08 22:32:22.276  INFO 1615 --- [ost-startStop-1] .s.DelegatingFilterProxyRegistrationBean : Mapping filter: 'springSecurityFilterChain' to: [/*]
2017-02-08 22:32:22.276  INFO 1615 --- [ost-startStop-1] o.s.b.w.servlet.FilterRegistrationBean   : Mapping filter: 'applicationContextIdFilter' to: [/*]
2017-02-08 22:32:22.276  INFO 1615 --- [ost-startStop-1] o.s.b.w.servlet.ServletRegistrationBean  : Mapping servlet: 'dispatcherServlet' to [/]
2017-02-08 22:32:22.590  INFO 1615 --- [           main] s.w.s.m.m.a.RequestMappingHandlerAdapter : Looking for @ControllerAdvice: org.springframework.boot.context.embedded.AnnotationConfigEmbeddedWebApplicationContext@258d79be: startup date [Wed Feb 08 22:32:16 SGT 2017]; root of context hierarchy
2017-02-08 22:32:22.601  INFO 1615 --- [           main] s.w.s.m.m.a.RequestMappingHandlerAdapter : Detected ResponseBodyAdvice bean in org.springframework.boot.actuate.autoconfigure.EndpointWebMvcHypermediaManagementContextConfiguration$ActuatorEndpointLinksAdvice
2017-02-08 22:32:22.673  INFO 1615 --- [           main] s.w.s.m.m.a.RequestMappingHandlerMapping : Mapped "{[/],methods=[POST]}" onto public com.amb.Message com.amb.ResourceApplication.update(com.amb.Message,java.security.Principal)
2017-02-08 22:32:22.675  INFO 1615 --- [           main] s.w.s.m.m.a.RequestMappingHandlerMapping : Mapped "{[/],methods=[GET]}" onto public com.amb.Message com.amb.ResourceApplication.home()
2017-02-08 22:32:22.675  INFO 1615 --- [           main] s.w.s.m.m.a.RequestMappingHandlerMapping : Mapped "{[/changes],methods=[GET]}" onto public java.util.List<com.amb.Change> com.amb.ResourceApplication.changes()
2017-02-08 22:32:22.677  INFO 1615 --- [           main] s.w.s.m.m.a.RequestMappingHandlerMapping : Mapped "{[/bus/api/routes]}" onto public java.util.List<com.amb.bus.BusRoute> com.amb.bus.web.BusOrderController.listBusOffersByRoute(java.lang.Long,java.lang.Long)
2017-02-08 22:32:22.678  INFO 1615 --- [           main] s.w.s.m.m.a.RequestMappingHandlerMapping : Mapped "{[/bus/api/order],methods=[POST]}" onto public com.amb.bus.BusOrder com.amb.bus.web.BusOrderController.createBusOrder(com.amb.bus.BusOrder)
[...]
	at org.springframework.beans.factory.support.AbstractBeanFactory$1.getObject(AbstractBeanFactory.java:306) ~[spring-beans-4.3.4.RELEASE.jar:4.3.4.RELEASE]
	at org.springframework.beans.factory.support.DefaultSingletonBeanRegistry.getSingleton(DefaultSingletonBeanRegistry.java:230) ~[spring-beans-4.3.4.RELEASE.jar:4.3.4.RELEASE]
	at org.springframework.beans.factory.support.AbstractBeanFactory.doGetBean(AbstractBeanFactory.java:302) ~[spring-beans-4.3.4.RELEASE.jar:4.3.4.RELEASE]
	at org.springframework.beans.factory.support.AbstractBeanFactory.getBean(AbstractBeanFactory.java:197) ~[spring-beans-4.3.4.RELEASE.jar:4.3.4.RELEASE]
	at org.springframework.beans.factory.support.DefaultListableBeanFactory.preInstantiateSingletons(DefaultListableBeanFactory.java:754) ~[spring-beans-4.3.4.RELEASE.jar:4.3.4.RELEASE]
	at org.springframework.context.support.AbstractApplicationContext.finishBeanFactoryInitialization(AbstractApplicationContext.java:866) ~[spring-context-4.3.4.RELEASE.jar:4.3.4.RELEASE]
	at org.springframework.context.support.AbstractApplicationContext.refresh(AbstractApplicationContext.java:542) ~[spring-context-4.3.4.RELEASE.jar:4.3.4.RELEASE]
	at org.springframework.boot.context.embedded.EmbeddedWebApplicationContext.refresh(EmbeddedWebApplicationContext.java:122) ~[spring-boot-1.4.2.RELEASE.jar:1.4.2.RELEASE]
	at org.springframework.boot.SpringApplication.refresh(SpringApplication.java:761) ~[spring-boot-1.4.2.RELEASE.jar:1.4.2.RELEASE]
	at org.springframework.boot.SpringApplication.refreshContext(SpringApplication.java:371) ~[spring-boot-1.4.2.RELEASE.jar:1.4.2.RELEASE]
	at org.springframework.boot.SpringApplication.run(SpringApplication.java:315) ~[spring-boot-1.4.2.RELEASE.jar:1.4.2.RELEASE]
	at org.springframework.boot.test.context.SpringBootContextLoader.loadContext(SpringBootContextLoader.java:111) [spring-boot-test-1.4.2.RELEASE.jar:1.4.2.RELEASE]
	at org.springframework.test.context.cache.DefaultCacheAwareContextLoaderDelegate.loadContextInternal(DefaultCacheAwareContextLoaderDelegate.java:98) [spring-test-4.3.4.RELEASE.jar:4.3.4.RELEASE]
	at org.springframework.test.context.cache.DefaultCacheAwareContextLoaderDelegate.loadContext(DefaultCacheAwareContextLoaderDelegate.java:116) [spring-test-4.3.4.RELEASE.jar:4.3.4.RELEASE]
	at org.springframework.test.context.support.DefaultTestContext.getApplicationContext(DefaultTestContext.java:83) [spring-test-4.3.4.RELEASE.jar:4.3.4.RELEASE]
	at org.springframework.boot.test.autoconfigure.SpringBootDependencyInjectionTestExecutionListener.prepareTestInstance(SpringBootDependencyInjectionTestExecutionListener.java:47) [spring-boot-test-autoconfigure-1.4.2.RELEASE.jar:1.4.2.RELEASE]
	at org.springframework.test.context.TestContextManager.prepareTestInstance(TestContextManager.java:230) [spring-test-4.3.4.RELEASE.jar:4.3.4.RELEASE]
	at org.springframework.test.context.junit4.SpringJUnit4ClassRunner.createTest(SpringJUnit4ClassRunner.java:228) [spring-test-4.3.4.RELEASE.jar:4.3.4.RELEASE]
	at org.springframework.test.context.junit4.SpringJUnit4ClassRunner$1.runReflectiveCall(SpringJUnit4ClassRunner.java:287) [spring-test-4.3.4.RELEASE.jar:4.3.4.RELEASE]
	at org.junit.internal.runners.model.ReflectiveCallable.run(ReflectiveCallable.java:12) [junit-4.12.jar:4.12]
	at org.springframework.test.context.junit4.SpringJUnit4ClassRunner.methodBlock(SpringJUnit4ClassRunner.java:289) [spring-test-4.3.4.RELEASE.jar:4.3.4.RELEASE]
	at org.springframework.test.context.junit4.SpringJUnit4ClassRunner.runChild(SpringJUnit4ClassRunner.java:247) [spring-test-4.3.4.RELEASE.jar:4.3.4.RELEASE]
	at org.springframework.test.context.junit4.SpringJUnit4ClassRunner.runChild(SpringJUnit4ClassRunner.java:94) [spring-test-4.3.4.RELEASE.jar:4.3.4.RELEASE]
	at org.junit.runners.ParentRunner$3.run(ParentRunner.java:290) [junit-4.12.jar:4.12]
	at org.junit.runners.ParentRunner$1.schedule(ParentRunner.java:71) [junit-4.12.jar:4.12]
	at org.junit.runners.ParentRunner.runChildren(ParentRunner.java:288) [junit-4.12.jar:4.12]
	at org.junit.runners.ParentRunner.access$000(ParentRunner.java:58) [junit-4.12.jar:4.12]
	at org.junit.runners.ParentRunner$2.evaluate(ParentRunner.java:268) [junit-4.12.jar:4.12]
	at org.springframework.test.context.junit4.statements.RunBeforeTestClassCallbacks.evaluate(RunBeforeTestClassCallbacks.java:61) [spring-test-4.3.4.RELEASE.jar:4.3.4.RELEASE]
	at org.springframework.test.context.junit4.statements.RunAfterTestClassCallbacks.evaluate(RunAfterTestClassCallbacks.java:70) [spring-test-4.3.4.RELEASE.jar:4.3.4.RELEASE]
	at org.junit.runners.ParentRunner.run(ParentRunner.java:363) [junit-4.12.jar:4.12]
	at org.springframework.test.context.junit4.SpringJUnit4ClassRunner.run(SpringJUnit4ClassRunner.java:191) [spring-test-4.3.4.RELEASE.jar:4.3.4.RELEASE]
	at org.apache.maven.surefire.junit4.JUnit4Provider.execute(JUnit4Provider.java:283) [surefire-junit4-2.18.1.jar:2.18.1]
	at org.apache.maven.surefire.junit4.JUnit4Provider.executeWithRerun(JUnit4Provider.java:173) [surefire-junit4-2.18.1.jar:2.18.1]
	at org.apache.maven.surefire.junit4.JUnit4Provider.executeTestSet(JUnit4Provider.java:153) [surefire-junit4-2.18.1.jar:2.18.1]
	at org.apache.maven.surefire.junit4.JUnit4Provider.invoke(JUnit4Provider.java:128) [surefire-junit4-2.18.1.jar:2.18.1]
	at org.apache.maven.surefire.booter.ForkedBooter.invokeProviderInSameClassLoader(ForkedBooter.java:203) [surefire-booter-2.18.1.jar:2.18.1]
	at org.apache.maven.surefire.booter.ForkedBooter.runSuitesInProcess(ForkedBooter.java:155) [surefire-booter-2.18.1.jar:2.18.1]
	at org.apache.maven.surefire.booter.ForkedBooter.main(ForkedBooter.java:103) [surefire-booter-2.18.1.jar:2.18.1]
Caused by: org.springframework.data.redis.RedisConnectionFailureException: Cannot get Jedis connection; nested exception is redis.clients.jedis.exceptions.JedisConnectionException: Could not get a resource from the pool
	at org.springframework.data.redis.connection.jedis.JedisConnectionFactory.fetchJedisConnector(JedisConnectionFactory.java:198) ~[spring-data-redis-1.7.5.RELEASE.jar:na]
	at org.springframework.data.redis.connection.jedis.JedisConnectionFactory.getConnection(JedisConnectionFactory.java:345) ~[spring-data-redis-1.7.5.RELEASE.jar:na]
	at org.springframework.session.data.redis.config.annotation.web.http.RedisHttpSessionConfiguration$EnableRedisKeyspaceNotificationsInitializer.afterPropertiesSet(RedisHttpSessionConfiguration.java:223) ~[spring-session-1.2.2.RELEASE.jar:na]
	at org.springframework.beans.factory.support.AbstractAutowireCapableBeanFactory.invokeInitMethods(AbstractAutowireCapableBeanFactory.java:1642) ~[spring-beans-4.3.4.RELEASE.jar:4.3.4.RELEASE]
	at org.springframework.beans.factory.support.AbstractAutowireCapableBeanFactory.initializeBean(AbstractAutowireCapableBeanFactory.java:1579) ~[spring-beans-4.3.4.RELEASE.jar:4.3.4.RELEASE]
	... 41 common frames omitted
Caused by: redis.clients.jedis.exceptions.JedisConnectionException: Could not get a resource from the pool
	at redis.clients.util.Pool.getResource(Pool.java:53) ~[jedis-2.8.2.jar:na]
	at redis.clients.jedis.JedisPool.getResource(JedisPool.java:99) ~[jedis-2.8.2.jar:na]
	at redis.clients.jedis.JedisPool.getResource(JedisPool.java:12) ~[jedis-2.8.2.jar:na]
	at org.springframework.data.redis.connection.jedis.JedisConnectionFactory.fetchJedisConnector(JedisConnectionFactory.java:191) ~[spring-data-redis-1.7.5.RELEASE.jar:na]
	... 45 common frames omitted
Caused by: redis.clients.jedis.exceptions.JedisConnectionException: java.net.ConnectException: Connection refused (Connection refused)
	at redis.clients.jedis.Connection.connect(Connection.java:164) ~[jedis-2.8.2.jar:na]
	at redis.clients.jedis.BinaryClient.connect(BinaryClient.java:80) ~[jedis-2.8.2.jar:na]
	at redis.clients.jedis.BinaryJedis.connect(BinaryJedis.java:1677) ~[jedis-2.8.2.jar:na]
	at redis.clients.jedis.JedisFactory.makeObject(JedisFactory.java:87) ~[jedis-2.8.2.jar:na]
	at org.apache.commons.pool2.impl.GenericObjectPool.create(GenericObjectPool.java:868) ~[commons-pool2-2.4.2.jar:2.4.2]
	at org.apache.commons.pool2.impl.GenericObjectPool.borrowObject(GenericObjectPool.java:435) ~[commons-pool2-2.4.2.jar:2.4.2]
	at org.apache.commons.pool2.impl.GenericObjectPool.borrowObject(GenericObjectPool.java:363) ~[commons-pool2-2.4.2.jar:2.4.2]
	at redis.clients.util.Pool.getResource(Pool.java:49) ~[jedis-2.8.2.jar:na]
	... 48 common frames omitted
Caused by: java.net.ConnectException: Connection refused (Connection refused)
	at java.net.PlainSocketImpl.socketConnect(Native Method) ~[na:1.8.0_111]
	at java.net.AbstractPlainSocketImpl.doConnect(AbstractPlainSocketImpl.java:350) ~[na:1.8.0_111]
	at java.net.AbstractPlainSocketImpl.connectToAddress(AbstractPlainSocketImpl.java:206) ~[na:1.8.0_111]
	at java.net.AbstractPlainSocketImpl.connect(AbstractPlainSocketImpl.java:188) ~[na:1.8.0_111]
	at java.net.SocksSocketImpl.connect(SocksSocketImpl.java:392) ~[na:1.8.0_111]
	at java.net.Socket.connect(Socket.java:589) ~[na:1.8.0_111]
	at redis.clients.jedis.Connection.connect(Connection.java:158) ~[jedis-2.8.2.jar:na]
	... 55 common frames omitted

2017-02-08 22:32:27.172 ERROR 1615 --- [           main] o.s.test.context.TestContextManager      : Caught exception while allowing TestExecutionListener [org.springframework.boot.test.autoconfigure.SpringBootDependencyInjectionTestExecutionListener@3c419631] to prepare test instance [com.amb.ApplicationTests@534a5a98]

java.lang.IllegalStateException: Failed to load ApplicationContext
	at org.springframework.test.context.cache.DefaultCacheAwareContextLoaderDelegate.loadContext(DefaultCacheAwareContextLoaderDelegate.java:124) ~[spring-test-4.3.4.RELEASE.jar:4.3.4.RELEASE]
	at org.springframework.test.context.support.DefaultTestContext.getApplicationContext(DefaultTestContext.java:83) ~[spring-test-4.3.4.RELEASE.jar:4.3.4.RELEASE]
	at org.springframework.boot.test.autoconfigure.SpringBootDependencyInjectionTestExecutionListener.prepareTestInstance(SpringBootDependencyInjectionTestExecutionListener.java:47) ~[spring-boot-test-autoconfigure-1.4.2.RELEASE.jar:1.4.2.RELEASE]
	at org.springframework.test.context.TestContextManager.prepareTestInstance(TestContextManager.java:230) ~[spring-test-4.3.4.RELEASE.jar:4.3.4.RELEASE]
	at org.springframework.test.context.junit4.SpringJUnit4ClassRunner.createTest(SpringJUnit4ClassRunner.java:228) [spring-test-4.3.4.RELEASE.jar:4.3.4.RELEASE]
	at org.springframework.test.context.junit4.SpringJUnit4ClassRunner$1.runReflectiveCall(SpringJUnit4ClassRunner.java:287) [spring-test-4.3.4.RELEASE.jar:4.3.4.RELEASE]
	at org.junit.internal.runners.model.ReflectiveCallable.run(ReflectiveCallable.java:12) [junit-4.12.jar:4.12]
	at org.springframework.test.context.junit4.SpringJUnit4ClassRunner.methodBlock(SpringJUnit4ClassRunner.java:289) [spring-test-4.3.4.RELEASE.jar:4.3.4.RELEASE]
	at org.springframework.test.context.junit4.SpringJUnit4ClassRunner.runChild(SpringJUnit4ClassRunner.java:247) [spring-test-4.3.4.RELEASE.jar:4.3.4.RELEASE]
	at org.springframework.test.context.junit4.SpringJUnit4ClassRunner.runChild(SpringJUnit4ClassRunner.java:94) [spring-test-4.3.4.RELEASE.jar:4.3.4.RELEASE]
	at org.junit.runners.ParentRunner$3.run(ParentRunner.java:290) [junit-4.12.jar:4.12]
	at org.junit.runners.ParentRunner$1.schedule(ParentRunner.java:71) [junit-4.12.jar:4.12]
	at org.junit.runners.ParentRunner.runChildren(ParentRunner.java:288) [junit-4.12.jar:4.12]
	at org.junit.runners.ParentRunner.access$000(ParentRunner.java:58) [junit-4.12.jar:4.12]
	at org.junit.runners.ParentRunner$2.evaluate(ParentRunner.java:268) [junit-4.12.jar:4.12]
	at org.springframework.test.context.junit4.statements.RunBeforeTestClassCallbacks.evaluate(RunBeforeTestClassCallbacks.java:61) [spring-test-4.3.4.RELEASE.jar:4.3.4.RELEASE]
	at org.springframework.test.context.junit4.statements.RunAfterTestClassCallbacks.evaluate(RunAfterTestClassCallbacks.java:70) [spring-test-4.3.4.RELEASE.jar:4.3.4.RELEASE]
	at org.junit.runners.ParentRunner.run(ParentRunner.java:363) [junit-4.12.jar:4.12]
	at org.springframework.test.context.junit4.SpringJUnit4ClassRunner.run(SpringJUnit4ClassRunner.java:191) [spring-test-4.3.4.RELEASE.jar:4.3.4.RELEASE]
	at org.apache.maven.surefire.junit4.JUnit4Provider.execute(JUnit4Provider.java:283) [surefire-junit4-2.18.1.jar:2.18.1]
	at org.apache.maven.surefire.junit4.JUnit4Provider.executeWithRerun(JUnit4Provider.java:173) [surefire-junit4-2.18.1.jar:2.18.1]
	at org.apache.maven.surefire.junit4.JUnit4Provider.executeTestSet(JUnit4Provider.java:153) [surefire-junit4-2.18.1.jar:2.18.1]
	at org.apache.maven.surefire.junit4.JUnit4Provider.invoke(JUnit4Provider.java:128) [surefire-junit4-2.18.1.jar:2.18.1]
	at org.apache.maven.surefire.booter.ForkedBooter.invokeProviderInSameClassLoader(ForkedBooter.java:203) [surefire-booter-2.18.1.jar:2.18.1]
	at org.apache.maven.surefire.booter.ForkedBooter.runSuitesInProcess(ForkedBooter.java:155) [surefire-booter-2.18.1.jar:2.18.1]
	at org.apache.maven.surefire.booter.ForkedBooter.main(ForkedBooter.java:103) [surefire-booter-2.18.1.jar:2.18.1]
Caused by: org.springframework.beans.factory.BeanCreationException: Error creating bean with name 'enableRedisKeyspaceNotificationsInitializer' defined in class path resource [org/springframework/boot/autoconfigure/session/RedisSessionConfiguration$SpringBootRedisHttpSessionConfiguration.class]: Invocation of init method failed; nested exception is org.springframework.data.redis.RedisConnectionFailureException: Cannot get Jedis connection; nested exception is redis.clients.jedis.exceptions.JedisConnectionException: Could not get a resource from the pool
	at org.springframework.beans.factory.support.AbstractAutowireCapableBeanFactory.initializeBean(AbstractAutowireCapableBeanFactory.java:1583) ~[spring-beans-4.3.4.RELEASE.jar:4.3.4.RELEASE]
	at org.springframework.beans.factory.support.AbstractAutowireCapableBeanFactory.doCreateBean(AbstractAutowireCapableBeanFactory.java:553) ~[spring-beans-4.3.4.RELEASE.jar:4.3.4.RELEASE]
	at org.springframework.beans.factory.support.AbstractAutowireCapableBeanFactory.createBean(AbstractAutowireCapableBeanFactory.java:482) ~[spring-beans-4.3.4.RELEASE.jar:4.3.4.RELEASE]
	at org.springframework.beans.factory.support.AbstractBeanFactory$1.getObject(AbstractBeanFactory.java:306) ~[spring-beans-4.3.4.RELEASE.jar:4.3.4.RELEASE]
	at org.springframework.beans.factory.support.DefaultSingletonBeanRegistry.getSingleton(DefaultSingletonBeanRegistry.java:230) ~[spring-beans-4.3.4.RELEASE.jar:4.3.4.RELEASE]
	at org.springframework.beans.factory.support.AbstractBeanFactory.doGetBean(AbstractBeanFactory.java:302) ~[spring-beans-4.3.4.RELEASE.jar:4.3.4.RELEASE]
	at org.springframework.beans.factory.support.AbstractBeanFactory.getBean(AbstractBeanFactory.java:197) ~[spring-beans-4.3.4.RELEASE.jar:4.3.4.RELEASE]
	at org.springframework.beans.factory.support.DefaultListableBeanFactory.preInstantiateSingletons(DefaultListableBeanFactory.java:754) ~[spring-beans-4.3.4.RELEASE.jar:4.3.4.RELEASE]
	at org.springframework.context.support.AbstractApplicationContext.finishBeanFactoryInitialization(AbstractApplicationContext.java:866) ~[spring-context-4.3.4.RELEASE.jar:4.3.4.RELEASE]
	at org.springframework.context.support.AbstractApplicationContext.refresh(AbstractApplicationContext.java:542) ~[spring-context-4.3.4.RELEASE.jar:4.3.4.RELEASE]
	at org.springframework.boot.context.embedded.EmbeddedWebApplicationContext.refresh(EmbeddedWebApplicationContext.java:122) ~[spring-boot-1.4.2.RELEASE.jar:1.4.2.RELEASE]
	at org.springframework.boot.SpringApplication.refresh(SpringApplication.java:761) ~[spring-boot-1.4.2.RELEASE.jar:1.4.2.RELEASE]
	at org.springframework.boot.SpringApplication.refreshContext(SpringApplication.java:371) ~[spring-boot-1.4.2.RELEASE.jar:1.4.2.RELEASE]
	at org.springframework.boot.SpringApplication.run(SpringApplication.java:315) ~[spring-boot-1.4.2.RELEASE.jar:1.4.2.RELEASE]
	at org.springframework.boot.test.context.SpringBootContextLoader.loadContext(SpringBootContextLoader.java:111) ~[spring-boot-test-1.4.2.RELEASE.jar:1.4.2.RELEASE]
	at org.springframework.test.context.cache.DefaultCacheAwareContextLoaderDelegate.loadContextInternal(DefaultCacheAwareContextLoaderDelegate.java:98) ~[spring-test-4.3.4.RELEASE.jar:4.3.4.RELEASE]
	at org.springframework.test.context.cache.DefaultCacheAwareContextLoaderDelegate.loadContext(DefaultCacheAwareContextLoaderDelegate.java:116) ~[spring-test-4.3.4.RELEASE.jar:4.3.4.RELEASE]
	... 25 common frames omitted
Caused by: org.springframework.data.redis.RedisConnectionFailureException: Cannot get Jedis connection; nested exception is redis.clients.jedis.exceptions.JedisConnectionException: Could not get a resource from the pool
	at org.springframework.data.redis.connection.jedis.JedisConnectionFactory.fetchJedisConnector(JedisConnectionFactory.java:198) ~[spring-data-redis-1.7.5.RELEASE.jar:na]
	at org.springframework.data.redis.connection.jedis.JedisConnectionFactory.getConnection(JedisConnectionFactory.java:345) ~[spring-data-redis-1.7.5.RELEASE.jar:na]
	at org.springframework.session.data.redis.config.annotation.web.http.RedisHttpSessionConfiguration$EnableRedisKeyspaceNotificationsInitializer.afterPropertiesSet(RedisHttpSessionConfiguration.java:223) ~[spring-session-1.2.2.RELEASE.jar:na]
	at org.springframework.beans.factory.support.AbstractAutowireCapableBeanFactory.invokeInitMethods(AbstractAutowireCapableBeanFactory.java:1642) ~[spring-beans-4.3.4.RELEASE.jar:4.3.4.RELEASE]
	at org.springframework.beans.factory.support.AbstractAutowireCapableBeanFactory.initializeBean(AbstractAutowireCapableBeanFactory.java:1579) ~[spring-beans-4.3.4.RELEASE.jar:4.3.4.RELEASE]
	... 41 common frames omitted
Caused by: redis.clients.jedis.exceptions.JedisConnectionException: Could not get a resource from the pool
	at redis.clients.util.Pool.getResource(Pool.java:53) ~[jedis-2.8.2.jar:na]
	at redis.clients.jedis.JedisPool.getResource(JedisPool.java:99) ~[jedis-2.8.2.jar:na]
	at redis.clients.jedis.JedisPool.getResource(JedisPool.java:12) ~[jedis-2.8.2.jar:na]
	at org.springframework.data.redis.connection.jedis.JedisConnectionFactory.fetchJedisConnector(JedisConnectionFactory.java:191) ~[spring-data-redis-1.7.5.RELEASE.jar:na]
	... 45 common frames omitted
Caused by: redis.clients.jedis.exceptions.JedisConnectionException: java.net.ConnectException: Connection refused (Connection refused)
	at redis.clients.jedis.Connection.connect(Connection.java:164) ~[jedis-2.8.2.jar:na]
	at redis.clients.jedis.BinaryClient.connect(BinaryClient.java:80) ~[jedis-2.8.2.jar:na]
	at redis.clients.jedis.BinaryJedis.connect(BinaryJedis.java:1677) ~[jedis-2.8.2.jar:na]
	at redis.clients.jedis.JedisFactory.makeObject(JedisFactory.java:87) ~[jedis-2.8.2.jar:na]
	at org.apache.commons.pool2.impl.GenericObjectPool.create(GenericObjectPool.java:868) ~[commons-pool2-2.4.2.jar:2.4.2]
	at org.apache.commons.pool2.impl.GenericObjectPool.borrowObject(GenericObjectPool.java:435) ~[commons-pool2-2.4.2.jar:2.4.2]
	at org.apache.commons.pool2.impl.GenericObjectPool.borrowObject(GenericObjectPool.java:363) ~[commons-pool2-2.4.2.jar:2.4.2]
	at redis.clients.util.Pool.getResource(Pool.java:49) ~[jedis-2.8.2.jar:na]
	... 48 common frames omitted
Caused by: java.net.ConnectException: Connection refused (Connection refused)
	at java.net.PlainSocketImpl.socketConnect(Native Method) ~[na:1.8.0_111]
	at java.net.AbstractPlainSocketImpl.doConnect(AbstractPlainSocketImpl.java:350) ~[na:1.8.0_111]
	at java.net.AbstractPlainSocketImpl.connectToAddress(AbstractPlainSocketImpl.java:206) ~[na:1.8.0_111]
	at java.net.AbstractPlainSocketImpl.connect(AbstractPlainSocketImpl.java:188) ~[na:1.8.0_111]
	at java.net.SocksSocketImpl.connect(SocksSocketImpl.java:392) ~[na:1.8.0_111]
	at java.net.Socket.connect(Socket.java:589) ~[na:1.8.0_111]
	at redis.clients.jedis.Connection.connect(Connection.java:158) ~[jedis-2.8.2.jar:na]
	... 55 common frames omitted

]]></system-out>
  </testcase>
</testsuite>